This file contains any messages produced by compilers while
running configure, to aid debugging if configure makes a mistake.

It was created by configure, which was
generated by GNU Autoconf 2.59.  Invocation command line was

  $ ./configure --prefix=/tmp/mw_staging --enable-static --disable-shared LDFLAGS=-L/tmp/mw_staging/lib CPPFLAGS=-I/tmp/mw_staging/include

## --------- ##
## Platform. ##
## --------- ##

hostname = david-coxs-macbook-pro.local
uname -m = i386
uname -r = 9.6.0
uname -s = Darwin
uname -v = Darwin Kernel Version 9.6.0: Mon Nov 24 17:37:00 PST 2008; root:xnu-1228.9.59~1/RELEASE_I386

/usr/bin/uname -p = i386
/bin/uname -X     = unknown

/bin/arch              = unknown
/usr/bin/arch -k       = unknown
/usr/convex/getsysinfo = unknown
hostinfo               = Mach kernel version:
	 Darwin Kernel Version 9.6.0: Mon Nov 24 17:37:00 PST 2008; root:xnu-1228.9.59~1/RELEASE_I386
Kernel configured for up to 2 processors.
2 processors are physically available.
2 processors are logically available.
Processor type: i486 (Intel 80486)
Processors active: 0 1
Primary memory available: 4.00 gigabytes
Default processor set: 108 tasks, 513 threads, 2 processors
Load average: 1.89, Mach factor: 0.63
/bin/machine           = unknown
/usr/bin/oslevel       = unknown
/bin/universe          = unknown

PATH: /sw/bin
PATH: /sw/sbin
PATH: /usr/bin
PATH: /bin
PATH: /usr/sbin
PATH: /sbin
PATH: /usr/local/bin
PATH: /usr/X11R6/bin
PATH: /Users/davidcox/Scripts/
PATH: /Developer/Tools/
PATH: /usr/local/ec2/bin
PATH: /Applications/svm_light/
PATH: /opt/local/bin
PATH: /usr/X11/bin


## ----------- ##
## Core tests. ##
## ----------- ##

configure:1600: checking build system type
configure:1618: result: i686-apple-darwin9.6.0
configure:1626: checking host system type
configure:1640: result: i686-apple-darwin9.6.0
configure:1648: checking target system type
configure:1662: result: i686-apple-darwin9.6.0
configure:1734: checking for gcc
configure:1750: found /usr/bin/gcc
configure:1760: result: gcc
configure:2004: checking for C compiler version
configure:2007: gcc --version </dev/null >&5
i686-apple-darwin9-gcc-4.0.1 (GCC) 4.0.1 (Apple Inc. build 5490)
Copyright (C) 2005 Free Software Foundation, Inc.
This is free software; see the source for copying conditions.  There is NO
warranty; not even for MERCHANTABILITY or FITNESS FOR A PARTICULAR PURPOSE.

configure:2010: $? = 0
configure:2012: gcc -v </dev/null >&5
Using built-in specs.
Target: i686-apple-darwin9
Configured with: /var/tmp/gcc/gcc-5490~1/src/configure --disable-checking -enable-werror --prefix=/usr --mandir=/share/man --enable-languages=c,objc,c++,obj-c++ --program-transform-name=/^[cg][^.-]*$/s/$/-4.0/ --with-gxx-include-dir=/include/c++/4.0.0 --with-slibdir=/usr/lib --build=i686-apple-darwin9 --with-arch=apple --with-tune=generic --host=i686-apple-darwin9 --target=i686-apple-darwin9
Thread model: posix
gcc version 4.0.1 (Apple Inc. build 5490)
configure:2015: $? = 0
configure:2017: gcc -V </dev/null >&5
gcc-4.0: argument to `-V' is missing
configure:2020: $? = 1
configure:2043: checking for C compiler default output file name
configure:2046: gcc -I/usr/include -I/sw/include -I/tmp/mw_staging/include -L/tmp/mw_staging/lib conftest.c  >&5
configure:2049: $? = 0
configure:2095: result: a.out
configure:2100: checking whether the C compiler works
configure:2106: ./a.out
configure:2109: $? = 0
configure:2126: result: yes
configure:2133: checking whether we are cross compiling
configure:2135: result: no
configure:2138: checking for suffix of executables
configure:2140: gcc -o conftest -I/usr/include -I/sw/include -I/tmp/mw_staging/include -L/tmp/mw_staging/lib conftest.c  >&5
configure:2143: $? = 0
configure:2168: result: 
configure:2174: checking for suffix of object files
configure:2195: gcc -c -I/usr/include -I/sw/include -I/tmp/mw_staging/include conftest.c >&5
configure:2198: $? = 0
configure:2220: result: o
configure:2224: checking whether we are using the GNU C compiler
configure:2248: gcc -c -I/usr/include -I/sw/include -I/tmp/mw_staging/include conftest.c >&5
configure:2254: $? = 0
configure:2258: test -z 
			 || test ! -s conftest.err
configure:2261: $? = 0
configure:2264: test -s conftest.o
configure:2267: $? = 0
configure:2280: result: yes
configure:2286: checking whether gcc accepts -g
configure:2307: gcc -c -g -I/tmp/mw_staging/include conftest.c >&5
configure:2313: $? = 0
configure:2317: test -z 
			 || test ! -s conftest.err
configure:2320: $? = 0
configure:2323: test -s conftest.o
configure:2326: $? = 0
configure:2337: result: yes
configure:2354: checking for gcc option to accept ANSI C
configure:2424: gcc  -c -I/usr/include -I/sw/include -I/tmp/mw_staging/include conftest.c >&5
configure:2430: $? = 0
configure:2434: test -z 
			 || test ! -s conftest.err
configure:2437: $? = 0
configure:2440: test -s conftest.o
configure:2443: $? = 0
configure:2461: result: none needed
configure:2479: gcc -c -I/usr/include -I/sw/include -I/tmp/mw_staging/include conftest.c >&5
conftest.c:2: error: syntax error before 'me'
configure:2485: $? = 1
configure: failed program was:
| #ifndef __cplusplus
|   choke me
| #endif
configure:2670: checking for g++
configure:2686: found /usr/bin/g++
configure:2696: result: g++
configure:2712: checking for C++ compiler version
configure:2715: g++ --version </dev/null >&5
i686-apple-darwin9-g++-4.0.1 (GCC) 4.0.1 (Apple Inc. build 5490)
Copyright (C) 2005 Free Software Foundation, Inc.
This is free software; see the source for copying conditions.  There is NO
warranty; not even for MERCHANTABILITY or FITNESS FOR A PARTICULAR PURPOSE.

configure:2718: $? = 0
configure:2720: g++ -v </dev/null >&5
Using built-in specs.
Target: i686-apple-darwin9
Configured with: /var/tmp/gcc/gcc-5490~1/src/configure --disable-checking -enable-werror --prefix=/usr --mandir=/share/man --enable-languages=c,objc,c++,obj-c++ --program-transform-name=/^[cg][^.-]*$/s/$/-4.0/ --with-gxx-include-dir=/include/c++/4.0.0 --with-slibdir=/usr/lib --build=i686-apple-darwin9 --with-arch=apple --with-tune=generic --host=i686-apple-darwin9 --target=i686-apple-darwin9
Thread model: posix
gcc version 4.0.1 (Apple Inc. build 5490)
configure:2723: $? = 0
configure:2725: g++ -V </dev/null >&5
g++-4.0: argument to `-V' is missing
configure:2728: $? = 1
configure:2731: checking whether we are using the GNU C++ compiler
configure:2755: g++ -c  -I/tmp/mw_staging/include conftest.cc >&5
configure:2761: $? = 0
configure:2765: test -z 
			 || test ! -s conftest.err
configure:2768: $? = 0
configure:2771: test -s conftest.o
configure:2774: $? = 0
configure:2787: result: yes
configure:2793: checking whether g++ accepts -g
configure:2814: g++ -c -g -I/tmp/mw_staging/include conftest.cc >&5
configure:2820: $? = 0
configure:2824: test -z 
			 || test ! -s conftest.err
configure:2827: $? = 0
configure:2830: test -s conftest.o
configure:2833: $? = 0
configure:2844: result: yes
configure:2886: g++ -c -g -O2 -I/tmp/mw_staging/include conftest.cc >&5
configure:2892: $? = 0
configure:2896: test -z 
			 || test ! -s conftest.err
configure:2899: $? = 0
configure:2902: test -s conftest.o
configure:2905: $? = 0
configure:2931: g++ -c -g -O2 -I/tmp/mw_staging/include conftest.cc >&5
conftest.cc: In function 'int main()':
conftest.cc:13: error: 'exit' was not declared in this scope
configure:2937: $? = 1
configure: failed program was:
| /* confdefs.h.  */
| 
| #define PACKAGE_NAME ""
| #define PACKAGE_TARNAME ""
| #define PACKAGE_VERSION ""
| #define PACKAGE_STRING ""
| #define PACKAGE_BUGREPORT ""
| /* end confdefs.h.  */
| 
| int
| main ()
| {
| exit (42);
|   ;
|   return 0;
| }
configure:2886: g++ -c -g -O2 -I/tmp/mw_staging/include conftest.cc >&5
/usr/include/stdlib.h:159: error: declaration of 'void std::exit(int)' throws different exceptions
conftest.cc:9: error: than previous declaration 'void std::exit(int) throw ()'
configure:2892: $? = 1
configure: failed program was:
| /* confdefs.h.  */
| 
| #define PACKAGE_NAME ""
| #define PACKAGE_TARNAME ""
| #define PACKAGE_VERSION ""
| #define PACKAGE_STRING ""
| #define PACKAGE_BUGREPORT ""
| /* end confdefs.h.  */
| extern "C" void std::exit (int) throw (); using std::exit;
| #include <stdlib.h>
| int
| main ()
| {
| exit (42);
|   ;
|   return 0;
| }
configure:2886: g++ -c -g -O2 -I/tmp/mw_staging/include conftest.cc >&5
configure:2892: $? = 0
configure:2896: test -z 
			 || test ! -s conftest.err
configure:2899: $? = 0
configure:2902: test -s conftest.o
configure:2905: $? = 0
configure:2931: g++ -c -g -O2 -I/tmp/mw_staging/include conftest.cc >&5
configure:2937: $? = 0
configure:2941: test -z 
			 || test ! -s conftest.err
configure:2944: $? = 0
configure:2947: test -s conftest.o
configure:2950: $? = 0
configure:2986: checking for a BSD-compatible install
configure:3041: result: /usr/bin/install -c
configure:3052: checking whether make sets $(MAKE)
configure:3072: result: yes
configure:3082: checking whether byte ordering is bigendian
configure:3109: gcc -c -I/usr/include -I/sw/include -I/tmp/mw_staging/include conftest.c >&5
configure:3115: $? = 0
configure:3119: test -z 
			 || test ! -s conftest.err
configure:3122: $? = 0
configure:3125: test -s conftest.o
configure:3128: $? = 0
configure:3152: gcc -c -I/usr/include -I/sw/include -I/tmp/mw_staging/include conftest.c >&5
conftest.c: In function 'main':
conftest.c:19: error: 'not' undeclared (first use in this function)
conftest.c:19: error: (Each undeclared identifier is reported only once
conftest.c:19: error: for each function it appears in.)
conftest.c:19: error: syntax error before 'big'
configure:3158: $? = 1
configure: failed program was:
| /* confdefs.h.  */
| 
| #define PACKAGE_NAME ""
| #define PACKAGE_TARNAME ""
| #define PACKAGE_VERSION ""
| #define PACKAGE_STRING ""
| #define PACKAGE_BUGREPORT ""
| #ifdef __cplusplus
| extern "C" void std::exit (int); using std::exit;
| #endif
| /* end confdefs.h.  */
| #include <sys/types.h>
| #include <sys/param.h>
| 
| int
| main ()
| {
| #if BYTE_ORDER != BIG_ENDIAN
|  not big endian
| #endif
| 
|   ;
|   return 0;
| }
configure:3293: result: no
configure:3319: checking how to run the C preprocessor
configure:3354: gcc -E -I/tmp/mw_staging/include conftest.c
configure:3360: $? = 0
configure:3392: gcc -E -I/tmp/mw_staging/include conftest.c
conftest.c:12:28: error: ac_nonexistent.h: No such file or directory
configure:3398: $? = 1
configure: failed program was:
| /* confdefs.h.  */
| 
| #define PACKAGE_NAME ""
| #define PACKAGE_TARNAME ""
| #define PACKAGE_VERSION ""
| #define PACKAGE_STRING ""
| #define PACKAGE_BUGREPORT ""
| #ifdef __cplusplus
| extern "C" void std::exit (int); using std::exit;
| #endif
| /* end confdefs.h.  */
| #include <ac_nonexistent.h>
configure:3437: result: gcc -E
configure:3461: gcc -E -I/tmp/mw_staging/include conftest.c
configure:3467: $? = 0
configure:3499: gcc -E -I/tmp/mw_staging/include conftest.c
conftest.c:12:28: error: ac_nonexistent.h: No such file or directory
configure:3505: $? = 1
configure: failed program was:
| /* confdefs.h.  */
| 
| #define PACKAGE_NAME ""
| #define PACKAGE_TARNAME ""
| #define PACKAGE_VERSION ""
| #define PACKAGE_STRING ""
| #define PACKAGE_BUGREPORT ""
| #ifdef __cplusplus
| extern "C" void std::exit (int); using std::exit;
| #endif
| /* end confdefs.h.  */
| #include <ac_nonexistent.h>
configure:3549: checking for X
configure:3779: result: libraries /usr/X11/lib, headers /usr/X11/include
configure:3951: gcc -o conftest -I/usr/include -I/sw/include -I/tmp/mw_staging/include -L/tmp/mw_staging/lib conftest.c   -L/usr/X11/lib -lX11 >&5
configure:3957: $? = 0
configure:3961: test -z 
			 || test ! -s conftest.err
configure:3964: $? = 0
configure:3967: test -s conftest
configure:3970: $? = 0
configure:4128: checking for gethostbyname
configure:4185: gcc -o conftest -I/usr/include -I/sw/include -I/tmp/mw_staging/include -L/tmp/mw_staging/lib conftest.c  >&5
configure:4191: $? = 0
configure:4195: test -z 
			 || test ! -s conftest.err
configure:4198: $? = 0
configure:4201: test -s conftest
configure:4204: $? = 0
configure:4216: result: yes
configure:4367: checking for connect
configure:4424: gcc -o conftest -I/usr/include -I/sw/include -I/tmp/mw_staging/include -L/tmp/mw_staging/lib conftest.c  >&5
configure:4430: $? = 0
configure:4434: test -z 
			 || test ! -s conftest.err
configure:4437: $? = 0
configure:4440: test -s conftest
configure:4443: $? = 0
configure:4455: result: yes
configure:4530: checking for remove
configure:4587: gcc -o conftest -I/usr/include -I/sw/include -I/tmp/mw_staging/include -L/tmp/mw_staging/lib conftest.c  >&5
configure:4593: $? = 0
configure:4597: test -z 
			 || test ! -s conftest.err
configure:4600: $? = 0
configure:4603: test -s conftest
configure:4606: $? = 0
configure:4618: result: yes
configure:4693: checking for shmat
configure:4750: gcc -o conftest -I/usr/include -I/sw/include -I/tmp/mw_staging/include -L/tmp/mw_staging/lib conftest.c  >&5
configure:4756: $? = 0
configure:4760: test -z 
			 || test ! -s conftest.err
configure:4763: $? = 0
configure:4766: test -s conftest
configure:4769: $? = 0
configure:4781: result: yes
configure:4865: checking for IceConnectionNumber in -lICE
configure:4895: gcc -o conftest -I/usr/include -I/sw/include -I/tmp/mw_staging/include -L/tmp/mw_staging/lib -L/usr/X11/lib conftest.c -lICE   >&5
configure:4901: $? = 0
configure:4905: test -z 
			 || test ! -s conftest.err
configure:4908: $? = 0
configure:4911: test -s conftest
configure:4914: $? = 0
configure:4927: result: yes
configure:4950: checking whether build environment is sane
configure:4993: result: yes
configure:5058: checking for gawk
configure:5074: found /opt/local/bin/gawk
configure:5084: result: gawk
configure:5115: checking for style of include used by make
configure:5143: result: GNU
configure:5319: checking dependency style of gcc
configure:5409: result: gcc3
configure:5428: checking dependency style of g++
configure:5518: result: gcc3
configure:5611: checking for a sed that does not truncate output
configure:5665: result: /opt/local/bin/gsed
configure:5668: checking for egrep
configure:5678: result: grep -E
configure:5694: checking for ld used by gcc
configure:5761: result: /usr/libexec/gcc/i686-apple-darwin9/4.0.1/ld
configure:5770: checking if the linker (/usr/libexec/gcc/i686-apple-darwin9/4.0.1/ld) is GNU ld
configure:5785: result: no
configure:5790: checking for /usr/libexec/gcc/i686-apple-darwin9/4.0.1/ld option to reload object files
configure:5797: result: -r
configure:5815: checking for BSD-compatible nm
configure:5864: result: /usr/bin/nm -p
configure:5868: checking whether ln -s works
configure:5872: result: yes
configure:5879: checking how to recognise dependent libraries
configure:6055: result: pass_all
configure:6528: checking for ANSI C header files
configure:6553: gcc -c -I/usr/include -I/sw/include -I/usr/include -I/sw/include -I/tmp/mw_staging/include conftest.c >&5
configure:6559: $? = 0
configure:6563: test -z 
			 || test ! -s conftest.err
configure:6566: $? = 0
configure:6569: test -s conftest.o
configure:6572: $? = 0
configure:6661: gcc -o conftest -I/usr/include -I/sw/include -I/usr/include -I/sw/include -I/tmp/mw_staging/include -L/tmp/mw_staging/lib conftest.c  >&5
conftest.c: In function 'main':
conftest.c:31: warning: incompatible implicit declaration of built-in function 'exit'
configure:6664: $? = 0
configure:6666: ./conftest
configure:6669: $? = 0
configure:6684: result: yes
configure:6708: checking for sys/types.h
configure:6724: gcc -c -I/usr/include -I/sw/include -I/usr/include -I/sw/include -I/tmp/mw_staging/include conftest.c >&5
configure:6730: $? = 0
configure:6734: test -z 
			 || test ! -s conftest.err
configure:6737: $? = 0
configure:6740: test -s conftest.o
configure:6743: $? = 0
configure:6754: result: yes
configure:6708: checking for sys/stat.h
configure:6724: gcc -c -I/usr/include -I/sw/include -I/usr/include -I/sw/include -I/tmp/mw_staging/include conftest.c >&5
configure:6730: $? = 0
configure:6734: test -z 
			 || test ! -s conftest.err
configure:6737: $? = 0
configure:6740: test -s conftest.o
configure:6743: $? = 0
configure:6754: result: yes
configure:6708: checking for stdlib.h
configure:6724: gcc -c -I/usr/include -I/sw/include -I/usr/include -I/sw/include -I/tmp/mw_staging/include conftest.c >&5
configure:6730: $? = 0
configure:6734: test -z 
			 || test ! -s conftest.err
configure:6737: $? = 0
configure:6740: test -s conftest.o
configure:6743: $? = 0
configure:6754: result: yes
configure:6708: checking for string.h
configure:6724: gcc -c -I/usr/include -I/sw/include -I/usr/include -I/sw/include -I/tmp/mw_staging/include conftest.c >&5
configure:6730: $? = 0
configure:6734: test -z 
			 || test ! -s conftest.err
configure:6737: $? = 0
configure:6740: test -s conftest.o
configure:6743: $? = 0
configure:6754: result: yes
configure:6708: checking for memory.h
configure:6724: gcc -c -I/usr/include -I/sw/include -I/usr/include -I/sw/include -I/tmp/mw_staging/include conftest.c >&5
configure:6730: $? = 0
configure:6734: test -z 
			 || test ! -s conftest.err
configure:6737: $? = 0
configure:6740: test -s conftest.o
configure:6743: $? = 0
configure:6754: result: yes
configure:6708: checking for strings.h
configure:6724: gcc -c -I/usr/include -I/sw/include -I/usr/include -I/sw/include -I/tmp/mw_staging/include conftest.c >&5
configure:6730: $? = 0
configure:6734: test -z 
			 || test ! -s conftest.err
configure:6737: $? = 0
configure:6740: test -s conftest.o
configure:6743: $? = 0
configure:6754: result: yes
configure:6708: checking for inttypes.h
configure:6724: gcc -c -I/usr/include -I/sw/include -I/usr/include -I/sw/include -I/tmp/mw_staging/include conftest.c >&5
configure:6730: $? = 0
configure:6734: test -z 
			 || test ! -s conftest.err
configure:6737: $? = 0
configure:6740: test -s conftest.o
configure:6743: $? = 0
configure:6754: result: yes
configure:6708: checking for stdint.h
configure:6724: gcc -c -I/usr/include -I/sw/include -I/usr/include -I/sw/include -I/tmp/mw_staging/include conftest.c >&5
configure:6730: $? = 0
configure:6734: test -z 
			 || test ! -s conftest.err
configure:6737: $? = 0
configure:6740: test -s conftest.o
configure:6743: $? = 0
configure:6754: result: yes
configure:6708: checking for unistd.h
configure:6724: gcc -c -I/usr/include -I/sw/include -I/usr/include -I/sw/include -I/tmp/mw_staging/include conftest.c >&5
configure:6730: $? = 0
configure:6734: test -z 
			 || test ! -s conftest.err
configure:6737: $? = 0
configure:6740: test -s conftest.o
configure:6743: $? = 0
configure:6754: result: yes
configure:6780: checking dlfcn.h usability
configure:6792: gcc -c -I/usr/include -I/sw/include -I/usr/include -I/sw/include -I/tmp/mw_staging/include conftest.c >&5
configure:6798: $? = 0
configure:6802: test -z 
			 || test ! -s conftest.err
configure:6805: $? = 0
configure:6808: test -s conftest.o
configure:6811: $? = 0
configure:6821: result: yes
configure:6825: checking dlfcn.h presence
configure:6835: gcc -E -I/tmp/mw_staging/include conftest.c
configure:6841: $? = 0
configure:6861: result: yes
configure:6896: checking for dlfcn.h
configure:6903: result: yes
configure:6926: checking how to run the C++ preprocessor
configure:6957: g++ -E -I/tmp/mw_staging/include conftest.cc
configure:6963: $? = 0
configure:6995: g++ -E -I/tmp/mw_staging/include conftest.cc
conftest.cc:25:28: error: ac_nonexistent.h: No such file or directory
configure:7001: $? = 1
configure: failed program was:
| /* confdefs.h.  */
| 
| #define PACKAGE_NAME ""
| #define PACKAGE_TARNAME ""
| #define PACKAGE_VERSION ""
| #define PACKAGE_STRING ""
| #define PACKAGE_BUGREPORT ""
| #ifdef __cplusplus
| extern "C" void std::exit (int); using std::exit;
| #endif
| #define PACKAGE "DevIL"
| #define VERSION "1.6.8"
| #define STDC_HEADERS 1
| #define HAVE_SYS_TYPES_H 1
| #define HAVE_SYS_STAT_H 1
| #define HAVE_STDLIB_H 1
| #define HAVE_STRING_H 1
| #define HAVE_MEMORY_H 1
| #define HAVE_STRINGS_H 1
| #define HAVE_INTTYPES_H 1
| #define HAVE_STDINT_H 1
| #define HAVE_UNISTD_H 1
| #define HAVE_DLFCN_H 1
| /* end confdefs.h.  */
| #include <ac_nonexistent.h>
configure:7040: result: g++ -E
configure:7064: g++ -E -I/tmp/mw_staging/include conftest.cc
configure:7070: $? = 0
configure:7102: g++ -E -I/tmp/mw_staging/include conftest.cc
conftest.cc:25:28: error: ac_nonexistent.h: No such file or directory
configure:7108: $? = 1
configure: failed program was:
| /* confdefs.h.  */
| 
| #define PACKAGE_NAME ""
| #define PACKAGE_TARNAME ""
| #define PACKAGE_VERSION ""
| #define PACKAGE_STRING ""
| #define PACKAGE_BUGREPORT ""
| #ifdef __cplusplus
| extern "C" void std::exit (int); using std::exit;
| #endif
| #define PACKAGE "DevIL"
| #define VERSION "1.6.8"
| #define STDC_HEADERS 1
| #define HAVE_SYS_TYPES_H 1
| #define HAVE_SYS_STAT_H 1
| #define HAVE_STDLIB_H 1
| #define HAVE_STRING_H 1
| #define HAVE_MEMORY_H 1
| #define HAVE_STRINGS_H 1
| #define HAVE_INTTYPES_H 1
| #define HAVE_STDINT_H 1
| #define HAVE_UNISTD_H 1
| #define HAVE_DLFCN_H 1
| /* end confdefs.h.  */
| #include <ac_nonexistent.h>
configure:7205: checking for g77
configure:7234: result: no
configure:7205: checking for f77
configure:7234: result: no
configure:7205: checking for xlf
configure:7234: result: no
configure:7205: checking for frt
configure:7234: result: no
configure:7205: checking for pgf77
configure:7234: result: no
configure:7205: checking for fort77
configure:7234: result: no
configure:7205: checking for fl32
configure:7234: result: no
configure:7205: checking for af77
configure:7234: result: no
configure:7205: checking for f90
configure:7234: result: no
configure:7205: checking for xlf90
configure:7234: result: no
configure:7205: checking for pgf90
configure:7234: result: no
configure:7205: checking for epcf90
configure:7234: result: no
configure:7205: checking for f95
configure:7234: result: no
configure:7205: checking for fort
configure:7234: result: no
configure:7205: checking for xlf95
configure:7234: result: no
configure:7205: checking for ifc
configure:7234: result: no
configure:7205: checking for efc
configure:7234: result: no
configure:7205: checking for pgf95
configure:7234: result: no
configure:7205: checking for lf95
configure:7234: result: no
configure:7205: checking for gfortran
configure:7221: found /usr/local/bin/gfortran
configure:7231: result: gfortran
configure:7246: checking for Fortran 77 compiler version
configure:7249: gfortran --version </dev/null >&5
GNU Fortran (GCC) 4.2.1
Copyright (C) 2007 Free Software Foundation, Inc.

GNU Fortran comes with NO WARRANTY, to the extent permitted by law.
You may redistribute copies of GNU Fortran
under the terms of the GNU General Public License.
For more information about these matters, see the file named COPYING

configure:7252: $? = 0
configure:7254: gfortran -v </dev/null >&5
Using built-in specs.
Target: i686-apple-darwin8
Configured with: /Builds/unix/gcc/gcc-4.2/configure --prefix=/usr/local --mandir=/share/man --program-transform-name=/^[cg][^.-]*$/s/$/-4.2/ --build=i686-apple-darwin8 --host=i686-apple-darwin8 --target=i686-apple-darwin8 --enable-languages=fortran
Thread model: posix
gcc version 4.2.1
configure:7257: $? = 0
configure:7259: gfortran -V </dev/null >&5
gfortran: argument to `-V' is missing
configure:7262: $? = 1
configure:7270: checking whether we are using the GNU Fortran 77 compiler
configure:7284: gfortran -c  conftest.F >&5
configure:7290: $? = 0
configure:7294: test -z 
			 || test ! -s conftest.err
configure:7297: $? = 0
configure:7300: test -s conftest.o
configure:7303: $? = 0
configure:7316: result: yes
configure:7322: checking whether gfortran accepts -g
configure:7334: gfortran -c -g conftest.f >&5
configure:7340: $? = 0
configure:7344: test -z 
			 || test ! -s conftest.err
configure:7347: $? = 0
configure:7350: test -s conftest.o
configure:7353: $? = 0
configure:7365: result: yes
configure:7395: checking the maximum length of command line arguments
configure:7504: result: 196608
configure:7515: checking command to parse /usr/bin/nm -p output from gcc object
configure:7620: gcc -c -I/usr/include -I/sw/include -I/usr/include -I/sw/include -I/tmp/mw_staging/include conftest.c >&5
configure:7623: $? = 0
configure:7627: /usr/bin/nm -p conftest.o \| sed -n -e 's/^.*[ 	]\([BCDEGRST][BCDEGRST]*\)[ 	][ 	]*\([_A-Za-z][_A-Za-z0-9]*\)$/\1 \2 \2/p' \> conftest.nm
configure:7630: $? = 0
cannot find nm_test_var in conftest.nm
configure:7620: gcc -c -I/usr/include -I/sw/include -I/usr/include -I/sw/include -I/tmp/mw_staging/include conftest.c >&5
configure:7623: $? = 0
configure:7627: /usr/bin/nm -p conftest.o \| sed -n -e 's/^.*[ 	]\([BCDEGRST][BCDEGRST]*\)[ 	][ 	]*_\([_A-Za-z][_A-Za-z0-9]*\)$/\1 _\2 \2/p' \> conftest.nm
configure:7630: $? = 0
configure:7682: gcc -o conftest -I/usr/include -I/sw/include -I/usr/include -I/sw/include -I/tmp/mw_staging/include -L/tmp/mw_staging/lib conftest.c conftstm.o >&5
configure:7685: $? = 0
configure:7723: result: ok
configure:7727: checking for objdir
configure:7742: result: .libs
configure:7832: checking for ar
configure:7848: found /usr/bin/ar
configure:7859: result: ar
configure:7912: checking for ranlib
configure:7928: found /usr/bin/ranlib
configure:7939: result: ranlib
configure:7992: checking for strip
configure:8008: found /usr/bin/strip
configure:8019: result: strip
configure:8291: checking if gcc supports -fno-rtti -fno-exceptions
configure:8309: gcc -c -I/usr/include -I/sw/include -I/usr/include -I/sw/include -I/tmp/mw_staging/include -fno-rtti -fno-exceptions conftest.c >&5
cc1: warning: command line option "-fno-rtti" is valid for C++/ObjC++ but not for C
configure:8313: $? = 0
configure:8326: result: no
configure:8341: checking for gcc option to produce PIC
configure:8551: result: -fno-common
configure:8559: checking if gcc PIC flag -fno-common works
configure:8577: gcc -c -I/usr/include -I/sw/include -I/usr/include -I/sw/include -I/tmp/mw_staging/include -fno-common -DPIC conftest.c >&5
configure:8581: $? = 0
configure:8594: result: yes
configure:8622: checking if gcc static flag -static works
configure:8650: result: no
configure:8660: checking if gcc supports -c -o file.o
configure:8681: gcc -c -I/usr/include -I/sw/include -I/usr/include -I/sw/include -I/tmp/mw_staging/include -o out/conftest2.o conftest.c >&5
configure:8685: $? = 0
configure:8707: result: yes
configure:8733: checking whether the gcc linker (/usr/libexec/gcc/i686-apple-darwin9/4.0.1/ld) supports shared libraries
configure:9691: result: yes
configure:9758: checking dynamic linker characteristics
configure:10346: result: darwin9.6.0 dyld
configure:10355: checking how to hardcode library paths into programs
configure:10380: result: immediate
configure:10394: checking whether stripping libraries is possible
configure:10407: result: yes
configure:11233: checking if libtool supports shared libraries
configure:11235: result: yes
configure:11238: checking whether to build shared libraries
configure:11259: result: no
configure:11262: checking whether to build static libraries
configure:11266: result: yes
configure:11358: creating libtool
configure:11946: checking for ld used by g++
configure:12013: result: /usr/libexec/gcc/i686-apple-darwin9/4.0.1/ld
configure:12022: checking if the linker (/usr/libexec/gcc/i686-apple-darwin9/4.0.1/ld) is GNU ld
configure:12037: result: no
configure:12088: checking whether the g++ linker (/usr/libexec/gcc/i686-apple-darwin9/4.0.1/ld) supports shared libraries
configure:13026: result: yes
configure:13044: g++ -c -g -O2 -I/tmp/mw_staging/include conftest.cpp >&5
configure:13047: $? = 0
configure:13166: checking for g++ option to produce PIC
configure:13440: result: -fno-common
configure:13448: checking if g++ PIC flag -fno-common works
configure:13466: g++ -c -g -O2 -I/tmp/mw_staging/include -fno-common -DPIC conftest.cpp >&5
configure:13470: $? = 0
configure:13483: result: yes
configure:13511: checking if g++ static flag -static works
configure:13539: result: no
configure:13549: checking if g++ supports -c -o file.o
configure:13570: g++ -c -g -O2 -I/tmp/mw_staging/include -o out/conftest2.o conftest.cpp >&5
configure:13574: $? = 0
configure:13596: result: yes
configure:13622: checking whether the g++ linker (/usr/libexec/gcc/i686-apple-darwin9/4.0.1/ld) supports shared libraries
configure:13647: result: yes
configure:13714: checking dynamic linker characteristics
configure:14302: result: darwin9.6.0 dyld
configure:14311: checking how to hardcode library paths into programs
configure:14336: result: immediate
configure:14862: checking if libtool supports shared libraries
configure:14864: result: yes
configure:14867: checking whether to build shared libraries
configure:14887: result: no
configure:14890: checking whether to build static libraries
configure:14894: result: yes
configure:14904: checking for gfortran option to produce PIC
configure:15114: result: -fno-common
configure:15122: checking if gfortran PIC flag -fno-common works
configure:15140: gfortran -c -g -O2 -fno-common conftest.f >&5
configure:15144: $? = 0
configure:15157: result: yes
configure:15185: checking if gfortran static flag -static works
configure:15213: result: no
configure:15223: checking if gfortran supports -c -o file.o
configure:15244: gfortran -c -g -O2 -o out/conftest2.o conftest.f >&5
configure:15248: $? = 0
configure:15270: result: yes
configure:15296: checking whether the gfortran linker (/usr/libexec/gcc/i686-apple-darwin9/4.0.1/ld) supports shared libraries
configure:16234: result: yes
configure:16301: checking dynamic linker characteristics
configure:16889: result: darwin9.6.0 dyld
configure:16898: checking how to hardcode library paths into programs
configure:16923: result: immediate
configure:20486: checking whether to enable maintainer-specific portions of Makefiles
configure:20495: result: no
configure:20521: checking Altivec
configure:20534: gcc -c -I/usr/include -I/sw/include -I/usr/include -I/sw/include -faltivec -maltivec -I/tmp/mw_staging/include conftest.c >&5
cc1: error: invalid option 'altivec'
configure:20540: $? = 1
configure: failed program was:
| 
| 
| int main() {
| vector int vec;vec=vec_splat_u32(0);
| return 0;}
| 
configure:20585: result: no
configure:20599: checking SSE
configure:20612: gcc -c -I/usr/include -I/sw/include -I/usr/include -I/sw/include -msse -I/tmp/mw_staging/include conftest.c >&5
configure:20618: $? = 0
configure:20622: test -z 
			 || test ! -s conftest.err
configure:20625: $? = 0
configure:20628: test -s conftest.o
configure:20631: $? = 0
configure:20651: result: yes
configure:20677: checking SSE2
configure:20690: gcc -c -I/usr/include -I/sw/include -I/usr/include -I/sw/include -msse2 -I/tmp/mw_staging/include conftest.c >&5
configure:20696: $? = 0
configure:20700: test -z 
			 || test ! -s conftest.err
configure:20703: $? = 0
configure:20706: test -s conftest.o
configure:20709: $? = 0
configure:20729: result: yes
configure:20755: checking SSE3
configure:20768: gcc -c -I/usr/include -I/sw/include -I/usr/include -I/sw/include -msse3 -I/tmp/mw_staging/include conftest.c >&5
conftest.c: In function 'main':
conftest.c:4: error: incompatible types in assignment
configure:20774: $? = 1
configure: failed program was:
| 
| #include <emmintrin.h>
| int main() {
| __m128d v;v=_mm_addsub_pd(v,v);
| return 0;}
| 
configure:20819: result: no
configure:20829: checking x86
configure:20838: result: yes
configure:20845: checking x86_64
configure:20856: result: no
configure:20861: checking ppc
configure:20872: result: no
configure:20918: checking for valloc
configure:20975: gcc -o conftest -I/usr/include -I/sw/include -I/usr/include -I/sw/include -Wall -g -O0 -I/tmp/mw_staging/include -L/tmp/mw_staging/lib conftest.c  >&5
configure:20981: $? = 0
configure:20985: test -z 
			 || test ! -s conftest.err
configure:20988: $? = 0
configure:20991: test -s conftest
configure:20994: $? = 0
configure:21006: result: yes
configure:21016: checking for posix_memalign
configure:21073: gcc -o conftest -I/usr/include -I/sw/include -I/usr/include -I/sw/include -Wall -g -O0 -I/tmp/mw_staging/include -L/tmp/mw_staging/lib conftest.c  >&5
Undefined symbols:
  "_posix_memalign", referenced from:
      _f in ccV30MgC.o
      _posix_memalign$non_lazy_ptr in ccV30MgC.o
ld: symbol(s) not found
collect2: ld returned 1 exit status
configure:21079: $? = 1
configure: failed program was:
| /* confdefs.h.  */
| 
| #define PACKAGE_NAME ""
| #define PACKAGE_TARNAME ""
| #define PACKAGE_VERSION ""
| #define PACKAGE_STRING ""
| #define PACKAGE_BUGREPORT ""
| #ifdef __cplusplus
| extern "C" void std::exit (int); using std::exit;
| #endif
| #define PACKAGE "DevIL"
| #define VERSION "1.6.8"
| #define STDC_HEADERS 1
| #define HAVE_SYS_TYPES_H 1
| #define HAVE_SYS_STAT_H 1
| #define HAVE_STDLIB_H 1
| #define HAVE_STRING_H 1
| #define HAVE_MEMORY_H 1
| #define HAVE_STRINGS_H 1
| #define HAVE_INTTYPES_H 1
| #define HAVE_STDINT_H 1
| #define HAVE_UNISTD_H 1
| #define HAVE_DLFCN_H 1
| #define SSE
| #define VECTORMEM
| #define SSE2
| #define VECTORMEM
| #define GCC_X86_ASM
| #define VALLOC
| /* end confdefs.h.  */
| /* Define posix_memalign to an innocuous variant, in case <limits.h> declares posix_memalign.
|    For example, HP-UX 11i <limits.h> declares gettimeofday.  */
| #define posix_memalign innocuous_posix_memalign
| 
| /* System header to define __stub macros and hopefully few prototypes,
|     which can conflict with char posix_memalign (); below.
|     Prefer <limits.h> to <assert.h> if __STDC__ is defined, since
|     <limits.h> exists even on freestanding compilers.  */
| 
| #ifdef __STDC__
| # include <limits.h>
| #else
| # include <assert.h>
| #endif
| 
| #undef posix_memalign
| 
| /* Override any gcc2 internal prototype to avoid an error.  */
| #ifdef __cplusplus
| extern "C"
| {
| #endif
| /* We use char because int might match the return type of a gcc2
|    builtin and then its argument prototype would still apply.  */
| char posix_memalign ();
| /* The GNU C library defines this for functions which it implements
|     to always fail with ENOSYS.  Some functions are actually named
|     something starting with __ and the normal name is an alias.  */
| #if defined (__stub_posix_memalign) || defined (__stub___posix_memalign)
| choke me
| #else
| char (*f) () = posix_memalign;
| #endif
| #ifdef __cplusplus
| }
| #endif
| 
| int
| main ()
| {
| return f != posix_memalign;
|   ;
|   return 0;
| }
configure:21104: result: no
configure:21114: checking for memalign
configure:21171: gcc -o conftest -I/usr/include -I/sw/include -I/usr/include -I/sw/include -Wall -g -O0 -I/tmp/mw_staging/include -L/tmp/mw_staging/lib conftest.c  >&5
Undefined symbols:
  "_memalign", referenced from:
      _f in cc8B0qi4.o
      _memalign$non_lazy_ptr in cc8B0qi4.o
ld: symbol(s) not found
collect2: ld returned 1 exit status
configure:21177: $? = 1
configure: failed program was:
| /* confdefs.h.  */
| 
| #define PACKAGE_NAME ""
| #define PACKAGE_TARNAME ""
| #define PACKAGE_VERSION ""
| #define PACKAGE_STRING ""
| #define PACKAGE_BUGREPORT ""
| #ifdef __cplusplus
| extern "C" void std::exit (int); using std::exit;
| #endif
| #define PACKAGE "DevIL"
| #define VERSION "1.6.8"
| #define STDC_HEADERS 1
| #define HAVE_SYS_TYPES_H 1
| #define HAVE_SYS_STAT_H 1
| #define HAVE_STDLIB_H 1
| #define HAVE_STRING_H 1
| #define HAVE_MEMORY_H 1
| #define HAVE_STRINGS_H 1
| #define HAVE_INTTYPES_H 1
| #define HAVE_STDINT_H 1
| #define HAVE_UNISTD_H 1
| #define HAVE_DLFCN_H 1
| #define SSE
| #define VECTORMEM
| #define SSE2
| #define VECTORMEM
| #define GCC_X86_ASM
| #define VALLOC
| /* end confdefs.h.  */
| /* Define memalign to an innocuous variant, in case <limits.h> declares memalign.
|    For example, HP-UX 11i <limits.h> declares gettimeofday.  */
| #define memalign innocuous_memalign
| 
| /* System header to define __stub macros and hopefully few prototypes,
|     which can conflict with char memalign (); below.
|     Prefer <limits.h> to <assert.h> if __STDC__ is defined, since
|     <limits.h> exists even on freestanding compilers.  */
| 
| #ifdef __STDC__
| # include <limits.h>
| #else
| # include <assert.h>
| #endif
| 
| #undef memalign
| 
| /* Override any gcc2 internal prototype to avoid an error.  */
| #ifdef __cplusplus
| extern "C"
| {
| #endif
| /* We use char because int might match the return type of a gcc2
|    builtin and then its argument prototype would still apply.  */
| char memalign ();
| /* The GNU C library defines this for functions which it implements
|     to always fail with ENOSYS.  Some functions are actually named
|     something starting with __ and the normal name is an alias.  */
| #if defined (__stub_memalign) || defined (__stub___memalign)
| choke me
| #else
| char (*f) () = memalign;
| #endif
| #ifdef __cplusplus
| }
| #endif
| 
| int
| main ()
| {
| return f != memalign;
|   ;
|   return 0;
| }
configure:21202: result: no
configure:21222: checking mm_malloc.h usability
configure:21234: gcc -c -I/usr/include -I/sw/include -I/usr/include -I/sw/include -Wall -g -O0 -I/tmp/mw_staging/include conftest.c >&5
configure:21240: $? = 0
configure:21244: test -z 
			 || test ! -s conftest.err
configure:21247: $? = 0
configure:21250: test -s conftest.o
configure:21253: $? = 0
configure:21263: result: yes
configure:21267: checking mm_malloc.h presence
configure:21277: gcc -E -I/tmp/mw_staging/include conftest.c
configure:21283: $? = 0
configure:21303: result: yes
configure:21338: checking for mm_malloc.h
configure:21345: result: yes
configure:21369: checking jpeglib.h usability
configure:21381: gcc -c -I/usr/include -I/sw/include -I/usr/include -I/sw/include -Wall -g -O0 -I/tmp/mw_staging/include conftest.c >&5
In file included from /tmp/mw_staging/include/jpeglib.h:24,
                 from conftest.c:66:
/tmp/mw_staging/include/jconfig.h:12:1: warning: "HAVE_STDLIB_H" redefined
conftest.c:16:1: warning: this is the location of the previous definition
configure:21387: $? = 0
configure:21391: test -z 
			 || test ! -s conftest.err
configure:21394: $? = 0
configure:21397: test -s conftest.o
configure:21400: $? = 0
configure:21410: result: yes
configure:21414: checking jpeglib.h presence
configure:21424: gcc -E -I/tmp/mw_staging/include conftest.c
In file included from /tmp/mw_staging/include/jpeglib.h:24,
                 from conftest.c:32:
/tmp/mw_staging/include/jconfig.h:12:1: warning: "HAVE_STDLIB_H" redefined
conftest.c:16:1: warning: this is the location of the previous definition
configure:21430: $? = 0
configure:21450: result: yes
configure:21485: checking for jpeglib.h
configure:21492: result: yes
configure:21513: checking tiffio.h usability
configure:21525: gcc -c -I/usr/include -I/sw/include -I/usr/include -I/sw/include -Wall -g -O0 -I/tmp/mw_staging/include conftest.c >&5
configure:21531: $? = 0
configure:21535: test -z 
			 || test ! -s conftest.err
configure:21538: $? = 0
configure:21541: test -s conftest.o
configure:21544: $? = 0
configure:21554: result: yes
configure:21558: checking tiffio.h presence
configure:21568: gcc -E -I/tmp/mw_staging/include conftest.c
configure:21574: $? = 0
configure:21594: result: yes
configure:21629: checking for tiffio.h
configure:21636: result: yes
configure:21658: checking lcms/lcms.h usability
configure:21670: gcc -c -I/usr/include -I/sw/include -I/usr/include -I/sw/include -Wall -g -O0 -I/tmp/mw_staging/include conftest.c >&5
conftest.c:66:23: error: lcms/lcms.h: No such file or directory
configure:21676: $? = 1
configure: failed program was:
| /* confdefs.h.  */
| 
| #define PACKAGE_NAME ""
| #define PACKAGE_TARNAME ""
| #define PACKAGE_VERSION ""
| #define PACKAGE_STRING ""
| #define PACKAGE_BUGREPORT ""
| #ifdef __cplusplus
| extern "C" void std::exit (int); using std::exit;
| #endif
| #define PACKAGE "DevIL"
| #define VERSION "1.6.8"
| #define STDC_HEADERS 1
| #define HAVE_SYS_TYPES_H 1
| #define HAVE_SYS_STAT_H 1
| #define HAVE_STDLIB_H 1
| #define HAVE_STRING_H 1
| #define HAVE_MEMORY_H 1
| #define HAVE_STRINGS_H 1
| #define HAVE_INTTYPES_H 1
| #define HAVE_STDINT_H 1
| #define HAVE_UNISTD_H 1
| #define HAVE_DLFCN_H 1
| #define SSE
| #define VECTORMEM
| #define SSE2
| #define VECTORMEM
| #define GCC_X86_ASM
| #define VALLOC
| #define MM_MALLOC
| /* end confdefs.h.  */
| #include <stdio.h>
| #if HAVE_SYS_TYPES_H
| # include <sys/types.h>
| #endif
| #if HAVE_SYS_STAT_H
| # include <sys/stat.h>
| #endif
| #if STDC_HEADERS
| # include <stdlib.h>
| # include <stddef.h>
| #else
| # if HAVE_STDLIB_H
| #  include <stdlib.h>
| # endif
| #endif
| #if HAVE_STRING_H
| # if !STDC_HEADERS && HAVE_MEMORY_H
| #  include <memory.h>
| # endif
| # include <string.h>
| #endif
| #if HAVE_STRINGS_H
| # include <strings.h>
| #endif
| #if HAVE_INTTYPES_H
| # include <inttypes.h>
| #else
| # if HAVE_STDINT_H
| #  include <stdint.h>
| # endif
| #endif
| #if HAVE_UNISTD_H
| # include <unistd.h>
| #endif
| #include <lcms/lcms.h>
configure:21699: result: no
configure:21703: checking lcms/lcms.h presence
configure:21713: gcc -E -I/tmp/mw_staging/include conftest.c
conftest.c:32:23: error: lcms/lcms.h: No such file or directory
configure:21719: $? = 1
configure: failed program was:
| /* confdefs.h.  */
| 
| #define PACKAGE_NAME ""
| #define PACKAGE_TARNAME ""
| #define PACKAGE_VERSION ""
| #define PACKAGE_STRING ""
| #define PACKAGE_BUGREPORT ""
| #ifdef __cplusplus
| extern "C" void std::exit (int); using std::exit;
| #endif
| #define PACKAGE "DevIL"
| #define VERSION "1.6.8"
| #define STDC_HEADERS 1
| #define HAVE_SYS_TYPES_H 1
| #define HAVE_SYS_STAT_H 1
| #define HAVE_STDLIB_H 1
| #define HAVE_STRING_H 1
| #define HAVE_MEMORY_H 1
| #define HAVE_STRINGS_H 1
| #define HAVE_INTTYPES_H 1
| #define HAVE_STDINT_H 1
| #define HAVE_UNISTD_H 1
| #define HAVE_DLFCN_H 1
| #define SSE
| #define VECTORMEM
| #define SSE2
| #define VECTORMEM
| #define GCC_X86_ASM
| #define VALLOC
| #define MM_MALLOC
| /* end confdefs.h.  */
| #include <lcms/lcms.h>
configure:21739: result: no
configure:21774: checking for lcms/lcms.h
configure:21781: result: no
configure:21802: checking lcms.h usability
configure:21814: gcc -c -I/usr/include -I/sw/include -I/usr/include -I/sw/include -Wall -g -O0 -I/tmp/mw_staging/include conftest.c >&5
configure:21820: $? = 0
configure:21824: test -z 
			 || test ! -s conftest.err
configure:21827: $? = 0
configure:21830: test -s conftest.o
configure:21833: $? = 0
configure:21843: result: yes
configure:21847: checking lcms.h presence
configure:21857: gcc -E -I/tmp/mw_staging/include conftest.c
configure:21863: $? = 0
configure:21883: result: yes
configure:21918: checking for lcms.h
configure:21925: result: yes
configure:21944: checking libmng.h usability
configure:21956: gcc -c -I/usr/include -I/sw/include -I/usr/include -I/sw/include -Wall -g -O0 -I/tmp/mw_staging/include conftest.c >&5
In file included from conftest.c:66:
/tmp/mw_staging/include/libmng.h:301:81: error: libmng_conf.h: No such file or directory
/tmp/mw_staging/include/libmng.h:379:70: error: libmng_types.h: No such file or directory
In file included from conftest.c:66:
/tmp/mw_staging/include/libmng.h:450: error: syntax error before 'mng_pchar'
/tmp/mw_staging/include/libmng.h:450: warning: type defaults to 'int' in declaration of 'mng_version_text'
/tmp/mw_staging/include/libmng.h:450: warning: data definition has no type or storage class
/tmp/mw_staging/include/libmng.h:451: error: syntax error before 'mng_uint8'
/tmp/mw_staging/include/libmng.h:451: warning: type defaults to 'int' in declaration of 'mng_version_so'
/tmp/mw_staging/include/libmng.h:451: warning: data definition has no type or storage class
/tmp/mw_staging/include/libmng.h:452: error: syntax error before 'mng_uint8'
/tmp/mw_staging/include/libmng.h:452: warning: type defaults to 'int' in declaration of 'mng_version_dll'
/tmp/mw_staging/include/libmng.h:452: warning: data definition has no type or storage class
/tmp/mw_staging/include/libmng.h:453: error: syntax error before 'mng_uint8'
/tmp/mw_staging/include/libmng.h:453: warning: type defaults to 'int' in declaration of 'mng_version_major'
/tmp/mw_staging/include/libmng.h:453: warning: data definition has no type or storage class
/tmp/mw_staging/include/libmng.h:454: error: syntax error before 'mng_uint8'
/tmp/mw_staging/include/libmng.h:454: warning: type defaults to 'int' in declaration of 'mng_version_minor'
/tmp/mw_staging/include/libmng.h:454: warning: data definition has no type or storage class
/tmp/mw_staging/include/libmng.h:455: error: syntax error before 'mng_uint8'
/tmp/mw_staging/include/libmng.h:455: warning: type defaults to 'int' in declaration of 'mng_version_release'
/tmp/mw_staging/include/libmng.h:455: warning: data definition has no type or storage class
/tmp/mw_staging/include/libmng.h:456: error: syntax error before 'mng_bool'
/tmp/mw_staging/include/libmng.h:456: warning: type defaults to 'int' in declaration of 'mng_version_beta'
/tmp/mw_staging/include/libmng.h:456: warning: data definition has no type or storage class
/tmp/mw_staging/include/libmng.h:496: error: syntax error before 'mng_handle'
/tmp/mw_staging/include/libmng.h:496: error: syntax error before 'pUserdata'
/tmp/mw_staging/include/libmng.h:499: warning: type defaults to 'int' in declaration of 'mng_initialize'
/tmp/mw_staging/include/libmng.h:499: warning: data definition has no type or storage class
/tmp/mw_staging/include/libmng.h:505: error: syntax error before 'mng_retcode'
/tmp/mw_staging/include/libmng.h:505: error: syntax error before 'hHandle'
/tmp/mw_staging/include/libmng.h:505: warning: type defaults to 'int' in declaration of 'mng_reset'
/tmp/mw_staging/include/libmng.h:505: warning: data definition has no type or storage class
/tmp/mw_staging/include/libmng.h:509: error: syntax error before 'mng_retcode'
/tmp/mw_staging/include/libmng.h:509: error: syntax error before '*' token
/tmp/mw_staging/include/libmng.h:509: warning: type defaults to 'int' in declaration of 'mng_cleanup'
/tmp/mw_staging/include/libmng.h:509: warning: data definition has no type or storage class
/tmp/mw_staging/include/libmng.h:621: error: syntax error before 'mng_retcode'
/tmp/mw_staging/include/libmng.h:621: error: syntax error before 'hHandle'
/tmp/mw_staging/include/libmng.h:627: warning: type defaults to 'int' in declaration of 'mng_getlasterror'
/tmp/mw_staging/include/libmng.h:627: warning: data definition has no type or storage class
/tmp/mw_staging/include/libmng.h:638: error: syntax error before 'mng_retcode'
/tmp/mw_staging/include/libmng.h:638: error: syntax error before 'hHandle'
/tmp/mw_staging/include/libmng.h:639: warning: type defaults to 'int' in declaration of 'mng_setcb_memalloc'
/tmp/mw_staging/include/libmng.h:639: warning: data definition has no type or storage class
/tmp/mw_staging/include/libmng.h:640: error: syntax error before 'mng_retcode'
/tmp/mw_staging/include/libmng.h:640: error: syntax error before 'hHandle'
/tmp/mw_staging/include/libmng.h:641: warning: type defaults to 'int' in declaration of 'mng_setcb_memfree'
/tmp/mw_staging/include/libmng.h:641: warning: data definition has no type or storage class
/tmp/mw_staging/include/libmng.h:673: error: syntax error before 'mng_retcode'
/tmp/mw_staging/include/libmng.h:673: error: syntax error before 'hHandle'
/tmp/mw_staging/include/libmng.h:674: warning: type defaults to 'int' in declaration of 'mng_setcb_errorproc'
/tmp/mw_staging/include/libmng.h:674: warning: data definition has no type or storage class
/tmp/mw_staging/include/libmng.h:796: error: syntax error before 'mng_memalloc'
/tmp/mw_staging/include/libmng.h:796: error: syntax error before 'hHandle'
/tmp/mw_staging/include/libmng.h:796: warning: type defaults to 'int' in declaration of 'mng_getcb_memalloc'
/tmp/mw_staging/include/libmng.h:796: warning: data definition has no type or storage class
/tmp/mw_staging/include/libmng.h:797: error: syntax error before 'mng_memfree'
/tmp/mw_staging/include/libmng.h:797: error: syntax error before 'hHandle'
/tmp/mw_staging/include/libmng.h:797: warning: type defaults to 'int' in declaration of 'mng_getcb_memfree'
/tmp/mw_staging/include/libmng.h:797: warning: data definition has no type or storage class
/tmp/mw_staging/include/libmng.h:824: error: syntax error before 'mng_errorproc'
/tmp/mw_staging/include/libmng.h:824: error: syntax error before 'hHandle'
/tmp/mw_staging/include/libmng.h:824: warning: type defaults to 'int' in declaration of 'mng_getcb_errorproc'
/tmp/mw_staging/include/libmng.h:824: warning: data definition has no type or storage class
/tmp/mw_staging/include/libmng.h:871: error: syntax error before 'mng_retcode'
/tmp/mw_staging/include/libmng.h:871: error: syntax error before 'hHandle'
/tmp/mw_staging/include/libmng.h:872: warning: type defaults to 'int' in declaration of 'mng_set_userdata'
/tmp/mw_staging/include/libmng.h:872: warning: data definition has no type or storage class
/tmp/mw_staging/include/libmng.h:877: error: syntax error before 'mng_retcode'
/tmp/mw_staging/include/libmng.h:877: error: syntax error before 'hHandle'
/tmp/mw_staging/include/libmng.h:878: warning: type defaults to 'int' in declaration of 'mng_set_canvasstyle'
/tmp/mw_staging/include/libmng.h:878: warning: data definition has no type or storage class
/tmp/mw_staging/include/libmng.h:879: error: syntax error before 'mng_retcode'
/tmp/mw_staging/include/libmng.h:879: error: syntax error before 'hHandle'
/tmp/mw_staging/include/libmng.h:880: warning: type defaults to 'int' in declaration of 'mng_set_bkgdstyle'
/tmp/mw_staging/include/libmng.h:880: warning: data definition has no type or storage class
/tmp/mw_staging/include/libmng.h:885: error: syntax error before 'mng_retcode'
/tmp/mw_staging/include/libmng.h:885: error: syntax error before 'hHandle'
/tmp/mw_staging/include/libmng.h:888: warning: type defaults to 'int' in declaration of 'mng_set_bgcolor'
/tmp/mw_staging/include/libmng.h:888: warning: data definition has no type or storage class
/tmp/mw_staging/include/libmng.h:891: error: syntax error before 'mng_retcode'
/tmp/mw_staging/include/libmng.h:891: error: syntax error before 'hHandle'
/tmp/mw_staging/include/libmng.h:892: warning: type defaults to 'int' in declaration of 'mng_set_usebkgd'
/tmp/mw_staging/include/libmng.h:892: warning: data definition has no type or storage class
/tmp/mw_staging/include/libmng.h:897: error: syntax error before 'mng_retcode'
/tmp/mw_staging/include/libmng.h:897: error: syntax error before 'hHandle'
/tmp/mw_staging/include/libmng.h:898: warning: type defaults to 'int' in declaration of 'mng_set_storechunks'
/tmp/mw_staging/include/libmng.h:898: warning: data definition has no type or storage class
/tmp/mw_staging/include/libmng.h:903: error: syntax error before 'mng_retcode'
/tmp/mw_staging/include/libmng.h:903: error: syntax error before 'hHandle'
/tmp/mw_staging/include/libmng.h:904: warning: type defaults to 'int' in declaration of 'mng_set_sectionbreaks'
/tmp/mw_staging/include/libmng.h:904: warning: data definition has no type or storage class
/tmp/mw_staging/include/libmng.h:914: error: syntax error before 'mng_retcode'
/tmp/mw_staging/include/libmng.h:914: error: syntax error before 'hHandle'
/tmp/mw_staging/include/libmng.h:915: warning: type defaults to 'int' in declaration of 'mng_set_cacheplayback'
/tmp/mw_staging/include/libmng.h:915: warning: data definition has no type or storage class
/tmp/mw_staging/include/libmng.h:921: error: syntax error before 'mng_retcode'
/tmp/mw_staging/include/libmng.h:921: error: syntax error before 'hHandle'
/tmp/mw_staging/include/libmng.h:922: warning: type defaults to 'int' in declaration of 'mng_set_doprogressive'
/tmp/mw_staging/include/libmng.h:922: warning: data definition has no type or storage class
/tmp/mw_staging/include/libmng.h:952: error: syntax error before 'mng_retcode'
/tmp/mw_staging/include/libmng.h:952: error: syntax error before 'hHandle'
/tmp/mw_staging/include/libmng.h:953: warning: type defaults to 'int' in declaration of 'mng_set_crcmode'
/tmp/mw_staging/include/libmng.h:953: warning: data definition has no type or storage class
/tmp/mw_staging/include/libmng.h:1044: error: syntax error before 'mng_retcode'
/tmp/mw_staging/include/libmng.h:1044: error: syntax error before 'hHandle'
/tmp/mw_staging/include/libmng.h:1045: warning: type defaults to 'int' in declaration of 'mng_set_maxcanvaswidth'
/tmp/mw_staging/include/libmng.h:1045: warning: data definition has no type or storage class
/tmp/mw_staging/include/libmng.h:1046: error: syntax error before 'mng_retcode'
/tmp/mw_staging/include/libmng.h:1046: error: syntax error before 'hHandle'
/tmp/mw_staging/include/libmng.h:1047: warning: type defaults to 'int' in declaration of 'mng_set_maxcanvasheight'
/tmp/mw_staging/include/libmng.h:1047: warning: data definition has no type or storage class
/tmp/mw_staging/include/libmng.h:1048: error: syntax error before 'mng_retcode'
/tmp/mw_staging/include/libmng.h:1048: error: syntax error before 'hHandle'
/tmp/mw_staging/include/libmng.h:1050: warning: type defaults to 'int' in declaration of 'mng_set_maxcanvassize'
/tmp/mw_staging/include/libmng.h:1050: warning: data definition has no type or storage class
/tmp/mw_staging/include/libmng.h:1121: error: syntax error before 'mng_ptr'
/tmp/mw_staging/include/libmng.h:1121: error: syntax error before 'hHandle'
/tmp/mw_staging/include/libmng.h:1121: warning: type defaults to 'int' in declaration of 'mng_get_userdata'
/tmp/mw_staging/include/libmng.h:1121: warning: data definition has no type or storage class
/tmp/mw_staging/include/libmng.h:1133: error: syntax error before 'mng_imgtype'
/tmp/mw_staging/include/libmng.h:1133: error: syntax error before 'hHandle'
/tmp/mw_staging/include/libmng.h:1133: warning: type defaults to 'int' in declaration of 'mng_get_sigtype'
/tmp/mw_staging/include/libmng.h:1133: warning: data definition has no type or storage class
/tmp/mw_staging/include/libmng.h:1134: error: syntax error before 'mng_imgtype'
/tmp/mw_staging/include/libmng.h:1134: error: syntax error before 'hHandle'
/tmp/mw_staging/include/libmng.h:1134: warning: type defaults to 'int' in declaration of 'mng_get_imagetype'
/tmp/mw_staging/include/libmng.h:1134: warning: data definition has no type or storage class
/tmp/mw_staging/include/libmng.h:1135: error: syntax error before 'mng_uint32'
/tmp/mw_staging/include/libmng.h:1135: error: syntax error before 'hHandle'
/tmp/mw_staging/include/libmng.h:1135: warning: type defaults to 'int' in declaration of 'mng_get_imagewidth'
/tmp/mw_staging/include/libmng.h:1135: warning: data definition has no type or storage class
/tmp/mw_staging/include/libmng.h:1136: error: syntax error before 'mng_uint32'
/tmp/mw_staging/include/libmng.h:1136: error: syntax error before 'hHandle'
/tmp/mw_staging/include/libmng.h:1136: warning: type defaults to 'int' in declaration of 'mng_get_imageheight'
/tmp/mw_staging/include/libmng.h:1136: warning: data definition has no type or storage class
/tmp/mw_staging/include/libmng.h:1138: error: syntax error before 'mng_uint32'
/tmp/mw_staging/include/libmng.h:1138: error: syntax error before 'hHandle'
/tmp/mw_staging/include/libmng.h:1138: warning: type defaults to 'int' in declaration of 'mng_get_ticks'
/tmp/mw_staging/include/libmng.h:1138: warning: data definition has no type or storage class
/tmp/mw_staging/include/libmng.h:1139: error: syntax error before 'mng_uint32'
/tmp/mw_staging/include/libmng.h:1139: error: syntax error before 'hHandle'
/tmp/mw_staging/include/libmng.h:1139: warning: type defaults to 'int' in declaration of 'mng_get_framecount'
/tmp/mw_staging/include/libmng.h:1139: warning: data definition has no type or storage class
/tmp/mw_staging/include/libmng.h:1140: error: syntax error before 'mng_uint32'
/tmp/mw_staging/include/libmng.h:1140: error: syntax error before 'hHandle'
/tmp/mw_staging/include/libmng.h:1140: warning: type defaults to 'int' in declaration of 'mng_get_layercount'
/tmp/mw_staging/include/libmng.h:1140: warning: data definition has no type or storage class
/tmp/mw_staging/include/libmng.h:1141: error: syntax error before 'mng_uint32'
/tmp/mw_staging/include/libmng.h:1141: error: syntax error before 'hHandle'
/tmp/mw_staging/include/libmng.h:1141: warning: type defaults to 'int' in declaration of 'mng_get_playtime'
/tmp/mw_staging/include/libmng.h:1141: warning: data definition has no type or storage class
/tmp/mw_staging/include/libmng.h:1142: error: syntax error before 'mng_uint32'
/tmp/mw_staging/include/libmng.h:1142: error: syntax error before 'hHandle'
/tmp/mw_staging/include/libmng.h:1142: warning: type defaults to 'int' in declaration of 'mng_get_simplicity'
/tmp/mw_staging/include/libmng.h:1142: warning: data definition has no type or storage class
/tmp/mw_staging/include/libmng.h:1144: error: syntax error before 'mng_uint8'
/tmp/mw_staging/include/libmng.h:1144: error: syntax error before 'hHandle'
/tmp/mw_staging/include/libmng.h:1144: warning: type defaults to 'int' in declaration of 'mng_get_bitdepth'
/tmp/mw_staging/include/libmng.h:1144: warning: data definition has no type or storage class
/tmp/mw_staging/include/libmng.h:1145: error: syntax error before 'mng_uint8'
/tmp/mw_staging/include/libmng.h:1145: error: syntax error before 'hHandle'
/tmp/mw_staging/include/libmng.h:1145: warning: type defaults to 'int' in declaration of 'mng_get_colortype'
/tmp/mw_staging/include/libmng.h:1145: warning: data definition has no type or storage class
/tmp/mw_staging/include/libmng.h:1146: error: syntax error before 'mng_uint8'
/tmp/mw_staging/include/libmng.h:1146: error: syntax error before 'hHandle'
/tmp/mw_staging/include/libmng.h:1146: warning: type defaults to 'int' in declaration of 'mng_get_compression'
/tmp/mw_staging/include/libmng.h:1146: warning: data definition has no type or storage class
/tmp/mw_staging/include/libmng.h:1147: error: syntax error before 'mng_uint8'
/tmp/mw_staging/include/libmng.h:1147: error: syntax error before 'hHandle'
/tmp/mw_staging/include/libmng.h:1147: warning: type defaults to 'int' in declaration of 'mng_get_filter'
/tmp/mw_staging/include/libmng.h:1147: warning: data definition has no type or storage class
/tmp/mw_staging/include/libmng.h:1148: error: syntax error before 'mng_uint8'
/tmp/mw_staging/include/libmng.h:1148: error: syntax error before 'hHandle'
/tmp/mw_staging/include/libmng.h:1148: warning: type defaults to 'int' in declaration of 'mng_get_interlace'
/tmp/mw_staging/include/libmng.h:1148: warning: data definition has no type or storage class
/tmp/mw_staging/include/libmng.h:1149: error: syntax error before 'mng_uint8'
/tmp/mw_staging/include/libmng.h:1149: error: syntax error before 'hHandle'
/tmp/mw_staging/include/libmng.h:1149: warning: type defaults to 'int' in declaration of 'mng_get_alphabitdepth'
/tmp/mw_staging/include/libmng.h:1149: warning: data definition has no type or storage class
/tmp/mw_staging/include/libmng.h:1150: error: syntax error before 'mng_uint8'
/tmp/mw_staging/include/libmng.h:1150: error: syntax error before 'hHandle'
/tmp/mw_staging/include/libmng.h:1150: warning: type defaults to 'int' in declaration of 'mng_get_alphacompression'
/tmp/mw_staging/include/libmng.h:1150: warning: data definition has no type or storage class
/tmp/mw_staging/include/libmng.h:1151: error: syntax error before 'mng_uint8'
/tmp/mw_staging/include/libmng.h:1151: error: syntax error before 'hHandle'
/tmp/mw_staging/include/libmng.h:1151: warning: type defaults to 'int' in declaration of 'mng_get_alphafilter'
/tmp/mw_staging/include/libmng.h:1151: warning: data definition has no type or storage class
/tmp/mw_staging/include/libmng.h:1152: error: syntax error before 'mng_uint8'
/tmp/mw_staging/include/libmng.h:1152: error: syntax error before 'hHandle'
/tmp/mw_staging/include/libmng.h:1152: warning: type defaults to 'int' in declaration of 'mng_get_alphainterlace'
/tmp/mw_staging/include/libmng.h:1152: warning: data definition has no type or storage class
/tmp/mw_staging/include/libmng.h:1162: error: syntax error before 'mng_uint8'
/tmp/mw_staging/include/libmng.h:1162: error: syntax error before 'hHandle'
/tmp/mw_staging/include/libmng.h:1162: warning: type defaults to 'int' in declaration of 'mng_get_alphadepth'
/tmp/mw_staging/include/libmng.h:1162: warning: data definition has no type or storage class
/tmp/mw_staging/include/libmng.h:1175: error: syntax error before 'mng_uint32'
/tmp/mw_staging/include/libmng.h:1175: error: syntax error before 'hHandle'
/tmp/mw_staging/include/libmng.h:1175: warning: type defaults to 'int' in declaration of 'mng_get_canvasstyle'
/tmp/mw_staging/include/libmng.h:1175: warning: data definition has no type or storage class
/tmp/mw_staging/include/libmng.h:1176: error: syntax error before 'mng_uint32'
/tmp/mw_staging/include/libmng.h:1176: error: syntax error before 'hHandle'
/tmp/mw_staging/include/libmng.h:1176: warning: type defaults to 'int' in declaration of 'mng_get_bkgdstyle'
/tmp/mw_staging/include/libmng.h:1176: warning: data definition has no type or storage class
/tmp/mw_staging/include/libmng.h:1179: error: syntax error before 'mng_retcode'
/tmp/mw_staging/include/libmng.h:1179: error: syntax error before 'hHandle'
/tmp/mw_staging/include/libmng.h:1182: warning: type defaults to 'int' in declaration of 'mng_get_bgcolor'
/tmp/mw_staging/include/libmng.h:1182: warning: data definition has no type or storage class
/tmp/mw_staging/include/libmng.h:1185: error: syntax error before 'mng_bool'
/tmp/mw_staging/include/libmng.h:1185: error: syntax error before 'hHandle'
/tmp/mw_staging/include/libmng.h:1185: warning: type defaults to 'int' in declaration of 'mng_get_usebkgd'
/tmp/mw_staging/include/libmng.h:1185: warning: data definition has no type or storage class
/tmp/mw_staging/include/libmng.h:1188: error: syntax error before 'mng_bool'
/tmp/mw_staging/include/libmng.h:1188: error: syntax error before 'hHandle'
/tmp/mw_staging/include/libmng.h:1188: warning: type defaults to 'int' in declaration of 'mng_get_storechunks'
/tmp/mw_staging/include/libmng.h:1188: warning: data definition has no type or storage class
/tmp/mw_staging/include/libmng.h:1191: error: syntax error before 'mng_bool'
/tmp/mw_staging/include/libmng.h:1191: error: syntax error before 'hHandle'
/tmp/mw_staging/include/libmng.h:1191: warning: type defaults to 'int' in declaration of 'mng_get_sectionbreaks'
/tmp/mw_staging/include/libmng.h:1191: warning: data definition has no type or storage class
/tmp/mw_staging/include/libmng.h:1194: error: syntax error before 'mng_bool'
/tmp/mw_staging/include/libmng.h:1194: error: syntax error before 'hHandle'
/tmp/mw_staging/include/libmng.h:1194: warning: type defaults to 'int' in declaration of 'mng_get_cacheplayback'
/tmp/mw_staging/include/libmng.h:1194: warning: data definition has no type or storage class
/tmp/mw_staging/include/libmng.h:1197: error: syntax error before 'mng_bool'
/tmp/mw_staging/include/libmng.h:1197: error: syntax error before 'hHandle'
/tmp/mw_staging/include/libmng.h:1197: warning: type defaults to 'int' in declaration of 'mng_get_doprogressive'
/tmp/mw_staging/include/libmng.h:1197: warning: data definition has no type or storage class
/tmp/mw_staging/include/libmng.h:1200: error: syntax error before 'mng_uint32'
/tmp/mw_staging/include/libmng.h:1200: error: syntax error before 'hHandle'
/tmp/mw_staging/include/libmng.h:1200: warning: type defaults to 'int' in declaration of 'mng_get_crcmode'
/tmp/mw_staging/include/libmng.h:1200: warning: data definition has no type or storage class
/tmp/mw_staging/include/libmng.h:1208: error: syntax error before 'mng_float'
/tmp/mw_staging/include/libmng.h:1208: error: syntax error before 'hHandle'
/tmp/mw_staging/include/libmng.h:1208: warning: type defaults to 'int' in declaration of 'mng_get_viewgamma'
/tmp/mw_staging/include/libmng.h:1208: warning: data definition has no type or storage class
/tmp/mw_staging/include/libmng.h:1209: error: syntax error before 'mng_float'
/tmp/mw_staging/include/libmng.h:1209: error: syntax error before 'hHandle'
/tmp/mw_staging/include/libmng.h:1209: warning: type defaults to 'int' in declaration of 'mng_get_displaygamma'
/tmp/mw_staging/include/libmng.h:1209: warning: data definition has no type or storage class
/tmp/mw_staging/include/libmng.h:1210: error: syntax error before 'mng_float'
/tmp/mw_staging/include/libmng.h:1210: error: syntax error before 'hHandle'
/tmp/mw_staging/include/libmng.h:1210: warning: type defaults to 'int' in declaration of 'mng_get_dfltimggamma'
/tmp/mw_staging/include/libmng.h:1210: warning: data definition has no type or storage class
/tmp/mw_staging/include/libmng.h:1211: error: syntax error before 'mng_uint32'
/tmp/mw_staging/include/libmng.h:1211: error: syntax error before 'hHandle'
/tmp/mw_staging/include/libmng.h:1211: warning: type defaults to 'int' in declaration of 'mng_get_viewgammaint'
/tmp/mw_staging/include/libmng.h:1211: warning: data definition has no type or storage class
/tmp/mw_staging/include/libmng.h:1212: error: syntax error before 'mng_uint32'
/tmp/mw_staging/include/libmng.h:1212: error: syntax error before 'hHandle'
/tmp/mw_staging/include/libmng.h:1212: warning: type defaults to 'int' in declaration of 'mng_get_displaygammaint'
/tmp/mw_staging/include/libmng.h:1212: warning: data definition has no type or storage class
/tmp/mw_staging/include/libmng.h:1213: error: syntax error before 'mng_uint32'
/tmp/mw_staging/include/libmng.h:1213: error: syntax error before 'hHandle'
/tmp/mw_staging/include/libmng.h:1213: warning: type defaults to 'int' in declaration of 'mng_get_dfltimggammaint'
/tmp/mw_staging/include/libmng.h:1213: warning: data definition has no type or storage class
/tmp/mw_staging/include/libmng.h:1217: error: syntax error before 'mng_uint32'
/tmp/mw_staging/include/libmng.h:1217: error: syntax error before 'hHandle'
/tmp/mw_staging/include/libmng.h:1217: warning: type defaults to 'int' in declaration of 'mng_get_maxcanvaswidth'
/tmp/mw_staging/include/libmng.h:1217: warning: data definition has no type or storage class
/tmp/mw_staging/include/libmng.h:1218: error: syntax error before 'mng_uint32'
/tmp/mw_staging/include/libmng.h:1218: error: syntax error before 'hHandle'
/tmp/mw_staging/include/libmng.h:1218: warning: type defaults to 'int' in declaration of 'mng_get_maxcanvasheight'
/tmp/mw_staging/include/libmng.h:1218: warning: data definition has no type or storage class
/tmp/mw_staging/include/libmng.h:1261: error: syntax error before 'mng_uint32'
/tmp/mw_staging/include/libmng.h:1261: error: syntax error before 'hHandle'
/tmp/mw_staging/include/libmng.h:1261: warning: type defaults to 'int' in declaration of 'mng_get_imagelevel'
/tmp/mw_staging/include/libmng.h:1261: warning: data definition has no type or storage class
/tmp/mw_staging/include/libmng.h:1329: error: syntax error before 'mng_bool'
/tmp/mw_staging/include/libmng.h:1329: error: syntax error before 'hHandle'
/tmp/mw_staging/include/libmng.h:1329: warning: type defaults to 'int' in declaration of 'mng_status_error'
/tmp/mw_staging/include/libmng.h:1329: warning: data definition has no type or storage class
configure:21962: $? = 1
configure: failed program was:
| /* confdefs.h.  */
| 
| #define PACKAGE_NAME ""
| #define PACKAGE_TARNAME ""
| #define PACKAGE_VERSION ""
| #define PACKAGE_STRING ""
| #define PACKAGE_BUGREPORT ""
| #ifdef __cplusplus
| extern "C" void std::exit (int); using std::exit;
| #endif
| #define PACKAGE "DevIL"
| #define VERSION "1.6.8"
| #define STDC_HEADERS 1
| #define HAVE_SYS_TYPES_H 1
| #define HAVE_SYS_STAT_H 1
| #define HAVE_STDLIB_H 1
| #define HAVE_STRING_H 1
| #define HAVE_MEMORY_H 1
| #define HAVE_STRINGS_H 1
| #define HAVE_INTTYPES_H 1
| #define HAVE_STDINT_H 1
| #define HAVE_UNISTD_H 1
| #define HAVE_DLFCN_H 1
| #define SSE
| #define VECTORMEM
| #define SSE2
| #define VECTORMEM
| #define GCC_X86_ASM
| #define VALLOC
| #define MM_MALLOC
| /* end confdefs.h.  */
| #include <stdio.h>
| #if HAVE_SYS_TYPES_H
| # include <sys/types.h>
| #endif
| #if HAVE_SYS_STAT_H
| # include <sys/stat.h>
| #endif
| #if STDC_HEADERS
| # include <stdlib.h>
| # include <stddef.h>
| #else
| # if HAVE_STDLIB_H
| #  include <stdlib.h>
| # endif
| #endif
| #if HAVE_STRING_H
| # if !STDC_HEADERS && HAVE_MEMORY_H
| #  include <memory.h>
| # endif
| # include <string.h>
| #endif
| #if HAVE_STRINGS_H
| # include <strings.h>
| #endif
| #if HAVE_INTTYPES_H
| # include <inttypes.h>
| #else
| # if HAVE_STDINT_H
| #  include <stdint.h>
| # endif
| #endif
| #if HAVE_UNISTD_H
| # include <unistd.h>
| #endif
| #include <libmng.h>
configure:21985: result: no
configure:21989: checking libmng.h presence
configure:21999: gcc -E -I/tmp/mw_staging/include conftest.c
In file included from conftest.c:32:
/tmp/mw_staging/include/libmng.h:301:81: error: libmng_conf.h: No such file or directory
/tmp/mw_staging/include/libmng.h:379:70: error: libmng_types.h: No such file or directory
configure:22005: $? = 1
configure: failed program was:
| /* confdefs.h.  */
| 
| #define PACKAGE_NAME ""
| #define PACKAGE_TARNAME ""
| #define PACKAGE_VERSION ""
| #define PACKAGE_STRING ""
| #define PACKAGE_BUGREPORT ""
| #ifdef __cplusplus
| extern "C" void std::exit (int); using std::exit;
| #endif
| #define PACKAGE "DevIL"
| #define VERSION "1.6.8"
| #define STDC_HEADERS 1
| #define HAVE_SYS_TYPES_H 1
| #define HAVE_SYS_STAT_H 1
| #define HAVE_STDLIB_H 1
| #define HAVE_STRING_H 1
| #define HAVE_MEMORY_H 1
| #define HAVE_STRINGS_H 1
| #define HAVE_INTTYPES_H 1
| #define HAVE_STDINT_H 1
| #define HAVE_UNISTD_H 1
| #define HAVE_DLFCN_H 1
| #define SSE
| #define VECTORMEM
| #define SSE2
| #define VECTORMEM
| #define GCC_X86_ASM
| #define VALLOC
| #define MM_MALLOC
| /* end confdefs.h.  */
| #include <libmng.h>
configure:22025: result: no
configure:22060: checking for libmng.h
configure:22067: result: no
configure:22088: checking zlib.h usability
configure:22100: gcc -c -I/usr/include -I/sw/include -I/usr/include -I/sw/include -Wall -g -O0 -I/tmp/mw_staging/include conftest.c >&5
configure:22106: $? = 0
configure:22110: test -z 
			 || test ! -s conftest.err
configure:22113: $? = 0
configure:22116: test -s conftest.o
configure:22119: $? = 0
configure:22129: result: yes
configure:22133: checking zlib.h presence
configure:22143: gcc -E -I/tmp/mw_staging/include conftest.c
configure:22149: $? = 0
configure:22169: result: yes
configure:22204: checking for zlib.h
configure:22211: result: yes
configure:23132: checking SDL 1.2.5
configure:23134: result: missing macros
configure:23163: checking OpenGL/gl.h usability
configure:23175: gcc -c -I/usr/include -I/sw/include -I/usr/include -I/sw/include -Wall -g -O0 -I/tmp/mw_staging/include conftest.c >&5
configure:23181: $? = 0
configure:23185: test -z 
			 || test ! -s conftest.err
configure:23188: $? = 0
configure:23191: test -s conftest.o
configure:23194: $? = 0
configure:23204: result: yes
configure:23208: checking OpenGL/gl.h presence
configure:23218: gcc -E -I/tmp/mw_staging/include conftest.c
configure:23224: $? = 0
configure:23244: result: yes
configure:23279: checking for OpenGL/gl.h
configure:23286: result: yes
configure:23606: checking for allegro-config
configure:23633: result: no
configure:23689: checking d3d8.h usability
configure:23701: gcc -c -I/usr/include -I/sw/include -I/usr/include -I/sw/include -Wall -g -O0 -I/tmp/mw_staging/include conftest.c >&5
conftest.c:69:18: error: d3d8.h: No such file or directory
configure:23707: $? = 1
configure: failed program was:
| /* confdefs.h.  */
| 
| #define PACKAGE_NAME ""
| #define PACKAGE_TARNAME ""
| #define PACKAGE_VERSION ""
| #define PACKAGE_STRING ""
| #define PACKAGE_BUGREPORT ""
| #ifdef __cplusplus
| extern "C" void std::exit (int); using std::exit;
| #endif
| #define PACKAGE "DevIL"
| #define VERSION "1.6.8"
| #define STDC_HEADERS 1
| #define HAVE_SYS_TYPES_H 1
| #define HAVE_SYS_STAT_H 1
| #define HAVE_STDLIB_H 1
| #define HAVE_STRING_H 1
| #define HAVE_MEMORY_H 1
| #define HAVE_STRINGS_H 1
| #define HAVE_INTTYPES_H 1
| #define HAVE_STDINT_H 1
| #define HAVE_UNISTD_H 1
| #define HAVE_DLFCN_H 1
| #define SSE
| #define VECTORMEM
| #define SSE2
| #define VECTORMEM
| #define GCC_X86_ASM
| #define VALLOC
| #define MM_MALLOC
| #define IL_NO_MNG
| #define IL_USE_JPEGLIB_UNMODIFIED
| #define ILUT_USE_OPENGL
| /* end confdefs.h.  */
| #include <stdio.h>
| #if HAVE_SYS_TYPES_H
| # include <sys/types.h>
| #endif
| #if HAVE_SYS_STAT_H
| # include <sys/stat.h>
| #endif
| #if STDC_HEADERS
| # include <stdlib.h>
| # include <stddef.h>
| #else
| # if HAVE_STDLIB_H
| #  include <stdlib.h>
| # endif
| #endif
| #if HAVE_STRING_H
| # if !STDC_HEADERS && HAVE_MEMORY_H
| #  include <memory.h>
| # endif
| # include <string.h>
| #endif
| #if HAVE_STRINGS_H
| # include <strings.h>
| #endif
| #if HAVE_INTTYPES_H
| # include <inttypes.h>
| #else
| # if HAVE_STDINT_H
| #  include <stdint.h>
| # endif
| #endif
| #if HAVE_UNISTD_H
| # include <unistd.h>
| #endif
| #include <d3d8.h>
configure:23730: result: no
configure:23734: checking d3d8.h presence
configure:23744: gcc -E -I/tmp/mw_staging/include conftest.c
conftest.c:35:18: error: d3d8.h: No such file or directory
configure:23750: $? = 1
configure: failed program was:
| /* confdefs.h.  */
| 
| #define PACKAGE_NAME ""
| #define PACKAGE_TARNAME ""
| #define PACKAGE_VERSION ""
| #define PACKAGE_STRING ""
| #define PACKAGE_BUGREPORT ""
| #ifdef __cplusplus
| extern "C" void std::exit (int); using std::exit;
| #endif
| #define PACKAGE "DevIL"
| #define VERSION "1.6.8"
| #define STDC_HEADERS 1
| #define HAVE_SYS_TYPES_H 1
| #define HAVE_SYS_STAT_H 1
| #define HAVE_STDLIB_H 1
| #define HAVE_STRING_H 1
| #define HAVE_MEMORY_H 1
| #define HAVE_STRINGS_H 1
| #define HAVE_INTTYPES_H 1
| #define HAVE_STDINT_H 1
| #define HAVE_UNISTD_H 1
| #define HAVE_DLFCN_H 1
| #define SSE
| #define VECTORMEM
| #define SSE2
| #define VECTORMEM
| #define GCC_X86_ASM
| #define VALLOC
| #define MM_MALLOC
| #define IL_NO_MNG
| #define IL_USE_JPEGLIB_UNMODIFIED
| #define ILUT_USE_OPENGL
| /* end confdefs.h.  */
| #include <d3d8.h>
configure:23770: result: no
configure:23805: checking for d3d8.h
configure:23812: result: no
configure:23844: checking d3d9.h usability
configure:23856: gcc -c -I/usr/include -I/sw/include -I/usr/include -I/sw/include -Wall -g -O0 -I/tmp/mw_staging/include conftest.c >&5
conftest.c:69:18: error: d3d9.h: No such file or directory
configure:23862: $? = 1
configure: failed program was:
| /* confdefs.h.  */
| 
| #define PACKAGE_NAME ""
| #define PACKAGE_TARNAME ""
| #define PACKAGE_VERSION ""
| #define PACKAGE_STRING ""
| #define PACKAGE_BUGREPORT ""
| #ifdef __cplusplus
| extern "C" void std::exit (int); using std::exit;
| #endif
| #define PACKAGE "DevIL"
| #define VERSION "1.6.8"
| #define STDC_HEADERS 1
| #define HAVE_SYS_TYPES_H 1
| #define HAVE_SYS_STAT_H 1
| #define HAVE_STDLIB_H 1
| #define HAVE_STRING_H 1
| #define HAVE_MEMORY_H 1
| #define HAVE_STRINGS_H 1
| #define HAVE_INTTYPES_H 1
| #define HAVE_STDINT_H 1
| #define HAVE_UNISTD_H 1
| #define HAVE_DLFCN_H 1
| #define SSE
| #define VECTORMEM
| #define SSE2
| #define VECTORMEM
| #define GCC_X86_ASM
| #define VALLOC
| #define MM_MALLOC
| #define IL_NO_MNG
| #define IL_USE_JPEGLIB_UNMODIFIED
| #define ILUT_USE_OPENGL
| /* end confdefs.h.  */
| #include <stdio.h>
| #if HAVE_SYS_TYPES_H
| # include <sys/types.h>
| #endif
| #if HAVE_SYS_STAT_H
| # include <sys/stat.h>
| #endif
| #if STDC_HEADERS
| # include <stdlib.h>
| # include <stddef.h>
| #else
| # if HAVE_STDLIB_H
| #  include <stdlib.h>
| # endif
| #endif
| #if HAVE_STRING_H
| # if !STDC_HEADERS && HAVE_MEMORY_H
| #  include <memory.h>
| # endif
| # include <string.h>
| #endif
| #if HAVE_STRINGS_H
| # include <strings.h>
| #endif
| #if HAVE_INTTYPES_H
| # include <inttypes.h>
| #else
| # if HAVE_STDINT_H
| #  include <stdint.h>
| # endif
| #endif
| #if HAVE_UNISTD_H
| # include <unistd.h>
| #endif
| #include <d3d9.h>
configure:23885: result: no
configure:23889: checking d3d9.h presence
configure:23899: gcc -E -I/tmp/mw_staging/include conftest.c
conftest.c:35:18: error: d3d9.h: No such file or directory
configure:23905: $? = 1
configure: failed program was:
| /* confdefs.h.  */
| 
| #define PACKAGE_NAME ""
| #define PACKAGE_TARNAME ""
| #define PACKAGE_VERSION ""
| #define PACKAGE_STRING ""
| #define PACKAGE_BUGREPORT ""
| #ifdef __cplusplus
| extern "C" void std::exit (int); using std::exit;
| #endif
| #define PACKAGE "DevIL"
| #define VERSION "1.6.8"
| #define STDC_HEADERS 1
| #define HAVE_SYS_TYPES_H 1
| #define HAVE_SYS_STAT_H 1
| #define HAVE_STDLIB_H 1
| #define HAVE_STRING_H 1
| #define HAVE_MEMORY_H 1
| #define HAVE_STRINGS_H 1
| #define HAVE_INTTYPES_H 1
| #define HAVE_STDINT_H 1
| #define HAVE_UNISTD_H 1
| #define HAVE_DLFCN_H 1
| #define SSE
| #define VECTORMEM
| #define SSE2
| #define VECTORMEM
| #define GCC_X86_ASM
| #define VALLOC
| #define MM_MALLOC
| #define IL_NO_MNG
| #define IL_USE_JPEGLIB_UNMODIFIED
| #define ILUT_USE_OPENGL
| /* end confdefs.h.  */
| #include <d3d9.h>
configure:23925: result: no
configure:23960: checking for d3d9.h
configure:23967: result: no
configure:24125: creating ./config.status

## ---------------------- ##
## Running config.status. ##
## ---------------------- ##

This file was extended by config.status, which was
generated by GNU Autoconf 2.59.  Invocation command line was

  CONFIG_FILES    = 
  CONFIG_HEADERS  = 
  CONFIG_LINKS    = 
  CONFIG_COMMANDS = 
  $ ./config.status 

on david-coxs-macbook-pro.local

config.status:762: creating Makefile
config.status:762: creating src-IL/Makefile
config.status:762: creating src-IL/src/Makefile
config.status:762: creating src-IL/include/Makefile
config.status:762: creating src-ILU/Makefile
config.status:762: creating src-ILU/src/Makefile
config.status:762: creating src-ILU/include/Makefile
config.status:762: creating src-ILUT/Makefile
config.status:762: creating src-ILUT/src/Makefile
config.status:762: creating src-ILUT/include/Makefile
config.status:762: creating include/Makefile
config.status:762: creating include/IL/Makefile
config.status:866: creating include/IL/config.h
config.status:1176: executing depfiles commands

## ---------------- ##
## Cache variables. ##
## ---------------- ##

ac_cv_build=i686-apple-darwin9.6.0
ac_cv_build_alias=i686-apple-darwin9.6.0
ac_cv_c_bigendian=no
ac_cv_c_compiler_gnu=yes
ac_cv_cxx_compiler_gnu=yes
ac_cv_env_CC_set=
ac_cv_env_CC_value=
ac_cv_env_CFLAGS_set=set
ac_cv_env_CFLAGS_value='-I/usr/include -I/sw/include'
ac_cv_env_CPPFLAGS_set=set
ac_cv_env_CPPFLAGS_value=-I/tmp/mw_staging/include
ac_cv_env_CPP_set=
ac_cv_env_CPP_value=
ac_cv_env_CXXCPP_set=
ac_cv_env_CXXCPP_value=
ac_cv_env_CXXFLAGS_set=
ac_cv_env_CXXFLAGS_value=
ac_cv_env_CXX_set=
ac_cv_env_CXX_value=
ac_cv_env_F77_set=
ac_cv_env_F77_value=
ac_cv_env_FFLAGS_set=
ac_cv_env_FFLAGS_value=
ac_cv_env_LDFLAGS_set=set
ac_cv_env_LDFLAGS_value=-L/tmp/mw_staging/lib
ac_cv_env_build_alias_set=
ac_cv_env_build_alias_value=
ac_cv_env_host_alias_set=
ac_cv_env_host_alias_value=
ac_cv_env_target_alias_set=
ac_cv_env_target_alias_value=
ac_cv_exeext=
ac_cv_f77_compiler_gnu=yes
ac_cv_func_connect=yes
ac_cv_func_gethostbyname=yes
ac_cv_func_memalign=no
ac_cv_func_posix_memalign=no
ac_cv_func_remove=yes
ac_cv_func_shmat=yes
ac_cv_func_valloc=yes
ac_cv_have_x='have_x=yes 		ac_x_includes=/usr/X11/include ac_x_libraries=/usr/X11/lib'
ac_cv_header_OpenGL_gl_h=yes
ac_cv_header_d3d8_h=no
ac_cv_header_d3d9_h=no
ac_cv_header_dlfcn_h=yes
ac_cv_header_inttypes_h=yes
ac_cv_header_jpeglib_h=yes
ac_cv_header_lcms_h=yes
ac_cv_header_lcms_lcms_h=no
ac_cv_header_libmng_h=no
ac_cv_header_memory_h=yes
ac_cv_header_mm_malloc_h=yes
ac_cv_header_stdc=yes
ac_cv_header_stdint_h=yes
ac_cv_header_stdlib_h=yes
ac_cv_header_string_h=yes
ac_cv_header_strings_h=yes
ac_cv_header_sys_stat_h=yes
ac_cv_header_sys_types_h=yes
ac_cv_header_tiffio_h=yes
ac_cv_header_unistd_h=yes
ac_cv_header_zlib_h=yes
ac_cv_host=i686-apple-darwin9.6.0
ac_cv_host_alias=i686-apple-darwin9.6.0
ac_cv_lib_ICE_IceConnectionNumber=yes
ac_cv_objext=o
ac_cv_path_install='/usr/bin/install -c'
ac_cv_prog_AWK=gawk
ac_cv_prog_CPP='gcc -E'
ac_cv_prog_CXXCPP='g++ -E'
ac_cv_prog_ac_ct_AR=ar
ac_cv_prog_ac_ct_CC=gcc
ac_cv_prog_ac_ct_CXX=g++
ac_cv_prog_ac_ct_F77=gfortran
ac_cv_prog_ac_ct_RANLIB=ranlib
ac_cv_prog_ac_ct_STRIP=strip
ac_cv_prog_allegro_config=no
ac_cv_prog_cc_g=yes
ac_cv_prog_cc_stdc=
ac_cv_prog_cxx_g=yes
ac_cv_prog_egrep='grep -E'
ac_cv_prog_f77_g=yes
ac_cv_prog_make_make_set=yes
ac_cv_target=i686-apple-darwin9.6.0
ac_cv_target_alias=i686-apple-darwin9.6.0
am_cv_CC_dependencies_compiler_type=gcc3
am_cv_CXX_dependencies_compiler_type=gcc3
lt_cv_deplibs_check_method=pass_all
lt_cv_file_magic_cmd='$MAGIC_CMD'
lt_cv_file_magic_test_file=
lt_cv_ld_reload_flag=-r
lt_cv_objdir=.libs
lt_cv_path_LD=/usr/libexec/gcc/i686-apple-darwin9/4.0.1/ld
lt_cv_path_LDCXX=/usr/libexec/gcc/i686-apple-darwin9/4.0.1/ld
lt_cv_path_NM='/usr/bin/nm -p'
lt_cv_path_SED=/opt/local/bin/gsed
lt_cv_prog_compiler_c_o=yes
lt_cv_prog_compiler_c_o_CXX=yes
lt_cv_prog_compiler_c_o_F77=yes
lt_cv_prog_compiler_rtti_exceptions=no
lt_cv_prog_gnu_ld=no
lt_cv_prog_gnu_ldcxx=no
lt_cv_sys_global_symbol_pipe='sed -n -e '\''s/^.*[ 	]\([BCDEGRST][BCDEGRST]*\)[ 	][ 	]*_\([_A-Za-z][_A-Za-z0-9]*\)$/\1 _\2 \2/p'\'''
lt_cv_sys_global_symbol_to_c_name_address='sed -n -e '\''s/^: \([^ ]*\) $/  {\"\1\", (lt_ptr) 0},/p'\'' -e '\''s/^[BCDEGRST] \([^ ]*\) \([^ ]*\)$/  {"\2", (lt_ptr) \&\2},/p'\'''
lt_cv_sys_global_symbol_to_cdecl='sed -n -e '\''s/^. .* \(.*\)$/extern int \1;/p'\'''
lt_cv_sys_max_cmd_len=196608
lt_lt_cv_prog_compiler_c_o='"yes"'
lt_lt_cv_prog_compiler_c_o_CXX='"yes"'
lt_lt_cv_prog_compiler_c_o_F77='"yes"'
lt_lt_cv_sys_global_symbol_pipe='"sed -n -e '\''s/^.*[ 	]\\([BCDEGRST][BCDEGRST]*\\)[ 	][ 	]*_\\([_A-Za-z][_A-Za-z0-9]*\\)\$/\\1 _\\2 \\2/p'\''"'
lt_lt_cv_sys_global_symbol_to_c_name_address='"sed -n -e '\''s/^: \\([^ ]*\\) \$/  {\\\"\\1\\\", (lt_ptr) 0},/p'\'' -e '\''s/^[BCDEGRST] \\([^ ]*\\) \\([^ ]*\\)\$/  {\"\\2\", (lt_ptr) \\&\\2},/p'\''"'
lt_lt_cv_sys_global_symbol_to_cdecl='"sed -n -e '\''s/^. .* \\(.*\\)\$/extern int \\1;/p'\''"'

## ----------------- ##
## Output variables. ##
## ----------------- ##

ACLOCAL='${SHELL} /Users/davidcox/Repositories/monkeyworks/mw_supporting/DevIL-1.6.8/libtools/missing --run aclocal-1.9'
AMDEPBACKSLASH='\'
AMDEP_FALSE='#'
AMDEP_TRUE=''
AMTAR='${SHELL} /Users/davidcox/Repositories/monkeyworks/mw_supporting/DevIL-1.6.8/libtools/missing --run tar'
AR='ar'
AS='as'
AUTOCONF='${SHELL} /Users/davidcox/Repositories/monkeyworks/mw_supporting/DevIL-1.6.8/libtools/missing --run autoconf'
AUTOHEADER='${SHELL} /Users/davidcox/Repositories/monkeyworks/mw_supporting/DevIL-1.6.8/libtools/missing --run autoheader'
AUTOMAKE='${SHELL} /Users/davidcox/Repositories/monkeyworks/mw_supporting/DevIL-1.6.8/libtools/missing --run automake-1.9'
AWK='gawk'
CC='gcc'
CCDEPMODE='depmode=gcc3'
CFLAGS='-I/usr/include -I/sw/include -I/usr/include -I/sw/include -Wall -g -O0'
CPP='gcc -E'
CPPFLAGS='-I/tmp/mw_staging/include'
CXX='g++'
CXXCPP='g++ -E'
CXXDEPMODE='depmode=gcc3'
CXXFLAGS='-g -O2'
CYGPATH_W='echo'
DEFS='-DHAVE_CONFIG_H'
DEPDIR='.deps'
DEVIL_LTVERSION='1:0:0'
DLLTOOL='dlltool'
ECHO='/bin/echo'
ECHO_C='ECHO_N=''
ECHO_T=''
EGREP='grep -E'
EXEEXT=''
F77='gfortran'
FFLAGS='-g -O2'
HALLEGRO=''
HSDL=''
INSTALL_DATA='${INSTALL} -m 644'
INSTALL_PROGRAM='${INSTALL}'
INSTALL_SCRIPT='${INSTALL}'
INSTALL_STRIP_PROGRAM='${SHELL} $(install_sh) -c -s'
LDFLAGS='-L/tmp/mw_staging/lib'
LIBALLEGRO=''
LIBGDI32=''
LIBGL='-Wl,-framework -Wl,OpenGL'
LIBILUT_CFLAGS=' -I/usr/include -I/sw/include -msse -msse2 -Wall -g -O0'
LIBILUT_WIN32LIBPATH=''
LIBILU_CFLAGS=' -I/usr/include -I/sw/include -msse -msse2 -Wall -g -O0'
LIBIL_CFLAGS=' -I/usr/include -I/sw/include -msse -msse2 -Wall -g -O0'
LIBJPG=' -ljpeg'
LIBLCMS=' -llcms'
LIBMNG=''
LIBOBJS=''
LIBPNG='-L/usr/X11/lib -lpng12'
LIBPNG_INCLUDE='-I/usr/X11/include/libpng12'
LIBS=''
LIBSDL=''
LIBTIFF=' -ltiff'
LIBTOOL='$(SHELL) $(top_builddir)/libtool'
LIBZ=' -lz'
LN_S='ln -s'
LTLIBOBJS=''
MAINT='#'
MAINTAINER_MODE_FALSE=''
MAINTAINER_MODE_TRUE='#'
MAKEINFO='${SHELL} /Users/davidcox/Repositories/monkeyworks/mw_supporting/DevIL-1.6.8/libtools/missing --run makeinfo'
OBJDUMP='objdump'
OBJEXT='o'
PACKAGE='DevIL'
PACKAGE_BUGREPORT=''
PACKAGE_NAME=''
PACKAGE_STRING=''
PACKAGE_TARNAME=''
PACKAGE_VERSION=''
PATH_SEPARATOR=':'
RANLIB='ranlib'
SET_MAKE=''
SHELL='/bin/sh'
STRIP='strip'
VERSION='1.6.8'
VERSIONINFO='-version-info 1:0:0'
X_CFLAGS=' -I/usr/X11/include'
X_EXTRA_LIBS=''
X_LIBS=' -L/usr/X11/lib'
X_PRE_LIBS=' -lSM -lICE'
ac_ct_AR='ar'
ac_ct_AS=''
ac_ct_CC='gcc'
ac_ct_CXX='g++'
ac_ct_DLLTOOL=''
ac_ct_F77='gfortran'
ac_ct_OBJDUMP=''
ac_ct_RANLIB='ranlib'
ac_ct_STRIP='strip'
allegro_config='no'
am__fastdepCC_FALSE='#'
am__fastdepCC_TRUE=''
am__fastdepCXX_FALSE='#'
am__fastdepCXX_TRUE=''
am__include='include'
am__leading_dot='.'
am__quote=''
am__tar='${AMTAR} chof - "$$tardir"'
am__untar='${AMTAR} xf -'
bindir='${exec_prefix}/bin'
build='i686-apple-darwin9.6.0'
build_alias=''
build_cpu='i686'
build_os='darwin9.6.0'
build_vendor='apple'
datadir='${prefix}/share'
exec_prefix='${prefix}'
host='i686-apple-darwin9.6.0'
host_alias=''
host_cpu='i686'
host_os='darwin9.6.0'
host_vendor='apple'
includedir='${prefix}/include'
infodir='${prefix}/info'
install_sh='/Users/davidcox/Repositories/monkeyworks/mw_supporting/DevIL-1.6.8/libtools/install-sh'
libdir='${exec_prefix}/lib'
libexecdir='${exec_prefix}/libexec'
localstatedir='${prefix}/var'
mandir='${prefix}/man'
mkdir_p='$(mkinstalldirs)'
oldincludedir='/usr/include'
prefix='/tmp/mw_staging'
program_transform_name='s,x,x,'
sbindir='${exec_prefix}/sbin'
sharedstatedir='${prefix}/com'
sysconfdir='${prefix}/etc'
target='i686-apple-darwin9.6.0'
target_alias=''
target_cpu='i686'
target_os='darwin9.6.0'
target_vendor='apple'

## ----------- ##
## confdefs.h. ##
## ----------- ##

#define GCC_X86_ASM
#define HAVE_DLFCN_H 1
#define HAVE_INTTYPES_H 1
#define HAVE_MEMORY_H 1
#define HAVE_STDINT_H 1
#define HAVE_STDLIB_H 1
#define HAVE_STRINGS_H 1
#define HAVE_STRING_H 1
#define HAVE_SYS_STAT_H 1
#define HAVE_SYS_TYPES_H 1
#define HAVE_UNISTD_H 1
#define ILUT_USE_OPENGL
#define IL_NO_MNG
#define IL_USE_JPEGLIB_UNMODIFIED
#define MAX_OS_X
#define MM_MALLOC
#define PACKAGE "DevIL"
#define PACKAGE_BUGREPORT ""
#define PACKAGE_NAME ""
#define PACKAGE_STRING ""
#define PACKAGE_TARNAME ""
#define PACKAGE_VERSION ""
#define SSE
#define SSE2
#define STDC_HEADERS 1
#define VALLOC
#define VECTORMEM
#define VECTORMEM
#define VERSION "1.6.8"
#endif
#ifdef __cplusplus
extern "C" void std::exit (int); using std::exit;

configure: exit 0
